[0.053s] Invoking command in '/home/grupo4/capstone_ws/build/rplidar_ros': CMAKE_PREFIX_PATH=${CMAKE_PREFIX_PATH}:/opt/ros/humble /usr/bin/cmake --build /home/grupo4/capstone_ws/build/rplidar_ros -- -j4 -l4
[0.246s] [35m[1mConsolidate compiler generated dependencies of target rplidar_composition_node[0m
[0.366s] [ 77%] Built target rplidar_composition_node
[0.411s] [35m[1mConsolidate compiler generated dependencies of target rplidar_composition[0m
[0.506s] [100%] Built target rplidar_composition
[0.552s] Invoked command in '/home/grupo4/capstone_ws/build/rplidar_ros' returned '0': CMAKE_PREFIX_PATH=${CMAKE_PREFIX_PATH}:/opt/ros/humble /usr/bin/cmake --build /home/grupo4/capstone_ws/build/rplidar_ros -- -j4 -l4
[0.593s] Invoking command in '/home/grupo4/capstone_ws/build/rplidar_ros': CMAKE_PREFIX_PATH=${CMAKE_PREFIX_PATH}:/opt/ros/humble /usr/bin/cmake --install /home/grupo4/capstone_ws/build/rplidar_ros
[0.622s] -- Install configuration: ""
[0.624s] -- Execute custom install script
[0.625s] -- Up-to-date symlink: /home/grupo4/capstone_ws/install/rplidar_ros/lib/rplidar_ros/rplidar_composition
[0.628s] -- Up-to-date symlink: /home/grupo4/capstone_ws/install/rplidar_ros/share/rplidar_ros/launch/rplidar.launch.py
[0.628s] -- Up-to-date symlink: /home/grupo4/capstone_ws/install/rplidar_ros/share/rplidar_ros/launch/rplidar_a3.launch.py
[0.629s] -- Up-to-date symlink: /home/grupo4/capstone_ws/install/rplidar_ros/share/rplidar_ros/launch/rplidar_s1.launch.py
[0.630s] -- Up-to-date symlink: /home/grupo4/capstone_ws/install/rplidar_ros/share/rplidar_ros/launch/rplidar_s1_tcp.launch.py
[0.631s] -- Up-to-date symlink: /home/grupo4/capstone_ws/install/rplidar_ros/share/rplidar_ros/launch/test_rplidar_a3.launch.py
[0.632s] -- Up-to-date symlink: /home/grupo4/capstone_ws/install/rplidar_ros/share/rplidar_ros/launch/view_rplidar.launch.py
[0.632s] -- Up-to-date symlink: /home/grupo4/capstone_ws/install/rplidar_ros/share/rplidar_ros/launch/view_rplidar_a3.launch.py
[0.633s] -- Up-to-date symlink: /home/grupo4/capstone_ws/install/rplidar_ros/share/rplidar_ros/launch/view_rplidar_s1.launch.py
[0.634s] -- Up-to-date symlink: /home/grupo4/capstone_ws/install/rplidar_ros/share/rplidar_ros/launch/view_rplidar_s1_tcp.launch.py
[0.636s] -- Up-to-date symlink: /home/grupo4/capstone_ws/install/rplidar_ros/share/rplidar_ros/rviz/rplidar.rviz
[0.637s] -- Up-to-date symlink: /home/grupo4/capstone_ws/install/rplidar_ros/lib/librplidar_composition_node.so
[0.639s] -- Up-to-date symlink: /home/grupo4/capstone_ws/install/rplidar_ros/include/rplidar_node.hpp
[0.639s] -- Up-to-date symlink: /home/grupo4/capstone_ws/install/rplidar_ros/include/visibility.h
[0.643s] -- Up-to-date symlink: /home/grupo4/capstone_ws/install/rplidar_ros/lib/rplidar_ros/rplidar_composition
[0.644s] -- Up-to-date symlink: /home/grupo4/capstone_ws/install/rplidar_ros/share/ament_index/resource_index/package_run_dependencies/rplidar_ros
[0.646s] -- Up-to-date symlink: /home/grupo4/capstone_ws/install/rplidar_ros/share/ament_index/resource_index/parent_prefix_path/rplidar_ros
[0.647s] -- Up-to-date symlink: /home/grupo4/capstone_ws/install/rplidar_ros/share/rplidar_ros/environment/ament_prefix_path.sh
[0.649s] -- Up-to-date symlink: /home/grupo4/capstone_ws/install/rplidar_ros/share/rplidar_ros/environment/ament_prefix_path.dsv
[0.650s] -- Up-to-date symlink: /home/grupo4/capstone_ws/install/rplidar_ros/share/rplidar_ros/environment/path.sh
[0.651s] -- Up-to-date symlink: /home/grupo4/capstone_ws/install/rplidar_ros/share/rplidar_ros/environment/path.dsv
[0.651s] -- Up-to-date symlink: /home/grupo4/capstone_ws/install/rplidar_ros/share/rplidar_ros/local_setup.bash
[0.652s] -- Up-to-date symlink: /home/grupo4/capstone_ws/install/rplidar_ros/share/rplidar_ros/local_setup.sh
[0.653s] -- Up-to-date symlink: /home/grupo4/capstone_ws/install/rplidar_ros/share/rplidar_ros/local_setup.zsh
[0.654s] -- Up-to-date symlink: /home/grupo4/capstone_ws/install/rplidar_ros/share/rplidar_ros/local_setup.dsv
[0.654s] -- Symlinking: /home/grupo4/capstone_ws/install/rplidar_ros/share/rplidar_ros/package.dsv
[0.688s] -- Up-to-date symlink: /home/grupo4/capstone_ws/install/rplidar_ros/share/ament_index/resource_index/packages/rplidar_ros
[0.689s] -- Up-to-date symlink: /home/grupo4/capstone_ws/install/rplidar_ros/share/ament_index/resource_index/rclcpp_components/rplidar_ros
[0.690s] -- Up-to-date symlink: /home/grupo4/capstone_ws/install/rplidar_ros/share/rplidar_ros/cmake/ament_cmake_export_dependencies-extras.cmake
[0.691s] -- Up-to-date symlink: /home/grupo4/capstone_ws/install/rplidar_ros/share/rplidar_ros/cmake/ament_cmake_export_include_directories-extras.cmake
[0.692s] -- Up-to-date symlink: /home/grupo4/capstone_ws/install/rplidar_ros/share/rplidar_ros/cmake/rplidar_rosConfig.cmake
[0.693s] -- Up-to-date symlink: /home/grupo4/capstone_ws/install/rplidar_ros/share/rplidar_ros/cmake/rplidar_rosConfig-version.cmake
[0.694s] -- Up-to-date symlink: /home/grupo4/capstone_ws/install/rplidar_ros/share/rplidar_ros/package.xml
[0.700s] Invoked command in '/home/grupo4/capstone_ws/build/rplidar_ros' returned '0': CMAKE_PREFIX_PATH=${CMAKE_PREFIX_PATH}:/opt/ros/humble /usr/bin/cmake --install /home/grupo4/capstone_ws/build/rplidar_ros
