[1.268s] Invoking command in '/home/grupo4/capstone_ws/build/rplidar_ros': CMAKE_PREFIX_PATH=${CMAKE_PREFIX_PATH}:/opt/ros/humble /usr/bin/cmake --build /home/grupo4/capstone_ws/build/rplidar_ros -- -j4 -l4
[1.968s] [ 77%] Built target rplidar_composition_node
[2.100s] [100%] Built target rplidar_composition
[2.144s] Invoked command in '/home/grupo4/capstone_ws/build/rplidar_ros' returned '0': CMAKE_PREFIX_PATH=${CMAKE_PREFIX_PATH}:/opt/ros/humble /usr/bin/cmake --build /home/grupo4/capstone_ws/build/rplidar_ros -- -j4 -l4
[2.190s] Invoking command in '/home/grupo4/capstone_ws/build/rplidar_ros': CMAKE_PREFIX_PATH=${CMAKE_PREFIX_PATH}:/opt/ros/humble /usr/bin/cmake --install /home/grupo4/capstone_ws/build/rplidar_ros
[2.222s] -- Install configuration: ""
[2.227s] -- Execute custom install script
[2.229s] -- Up-to-date symlink: /home/grupo4/capstone_ws/install/rplidar_ros/lib/rplidar_ros/rplidar_composition
[2.236s] -- Up-to-date symlink: /home/grupo4/capstone_ws/install/rplidar_ros/share/rplidar_ros/launch/rplidar.launch.py
[2.237s] -- Up-to-date symlink: /home/grupo4/capstone_ws/install/rplidar_ros/share/rplidar_ros/launch/rplidar_a3.launch.py
[2.238s] -- Up-to-date symlink: /home/grupo4/capstone_ws/install/rplidar_ros/share/rplidar_ros/launch/rplidar_s1.launch.py
[2.238s] -- Up-to-date symlink: /home/grupo4/capstone_ws/install/rplidar_ros/share/rplidar_ros/launch/rplidar_s1_tcp.launch.py
[2.239s] -- Up-to-date symlink: /home/grupo4/capstone_ws/install/rplidar_ros/share/rplidar_ros/launch/test_rplidar_a3.launch.py
[2.240s] -- Up-to-date symlink: /home/grupo4/capstone_ws/install/rplidar_ros/share/rplidar_ros/launch/view_rplidar.launch.py
[2.241s] -- Up-to-date symlink: /home/grupo4/capstone_ws/install/rplidar_ros/share/rplidar_ros/launch/view_rplidar_a3.launch.py
[2.242s] -- Up-to-date symlink: /home/grupo4/capstone_ws/install/rplidar_ros/share/rplidar_ros/launch/view_rplidar_s1.launch.py
[2.242s] -- Up-to-date symlink: /home/grupo4/capstone_ws/install/rplidar_ros/share/rplidar_ros/launch/view_rplidar_s1_tcp.launch.py
[2.244s] -- Up-to-date symlink: /home/grupo4/capstone_ws/install/rplidar_ros/share/rplidar_ros/rviz/rplidar.rviz
[2.246s] -- Up-to-date symlink: /home/grupo4/capstone_ws/install/rplidar_ros/lib/librplidar_composition_node.so
[2.248s] -- Up-to-date symlink: /home/grupo4/capstone_ws/install/rplidar_ros/include/rplidar_node.hpp
[2.250s] -- Up-to-date symlink: /home/grupo4/capstone_ws/install/rplidar_ros/include/visibility.h
[2.253s] -- Up-to-date symlink: /home/grupo4/capstone_ws/install/rplidar_ros/lib/rplidar_ros/rplidar_composition
[2.254s] -- Up-to-date symlink: /home/grupo4/capstone_ws/install/rplidar_ros/share/ament_index/resource_index/package_run_dependencies/rplidar_ros
[2.256s] -- Up-to-date symlink: /home/grupo4/capstone_ws/install/rplidar_ros/share/ament_index/resource_index/parent_prefix_path/rplidar_ros
[2.257s] -- Up-to-date symlink: /home/grupo4/capstone_ws/install/rplidar_ros/share/rplidar_ros/environment/ament_prefix_path.sh
[2.258s] -- Up-to-date symlink: /home/grupo4/capstone_ws/install/rplidar_ros/share/rplidar_ros/environment/ament_prefix_path.dsv
[2.259s] -- Up-to-date symlink: /home/grupo4/capstone_ws/install/rplidar_ros/share/rplidar_ros/environment/path.sh
[2.260s] -- Up-to-date symlink: /home/grupo4/capstone_ws/install/rplidar_ros/share/rplidar_ros/environment/path.dsv
[2.261s] -- Up-to-date symlink: /home/grupo4/capstone_ws/install/rplidar_ros/share/rplidar_ros/local_setup.bash
[2.262s] -- Up-to-date symlink: /home/grupo4/capstone_ws/install/rplidar_ros/share/rplidar_ros/local_setup.sh
[2.263s] -- Up-to-date symlink: /home/grupo4/capstone_ws/install/rplidar_ros/share/rplidar_ros/local_setup.zsh
[2.264s] -- Up-to-date symlink: /home/grupo4/capstone_ws/install/rplidar_ros/share/rplidar_ros/local_setup.dsv
[2.265s] -- Symlinking: /home/grupo4/capstone_ws/install/rplidar_ros/share/rplidar_ros/package.dsv
[2.303s] -- Up-to-date symlink: /home/grupo4/capstone_ws/install/rplidar_ros/share/ament_index/resource_index/packages/rplidar_ros
[2.305s] -- Up-to-date symlink: /home/grupo4/capstone_ws/install/rplidar_ros/share/ament_index/resource_index/rclcpp_components/rplidar_ros
[2.307s] -- Up-to-date symlink: /home/grupo4/capstone_ws/install/rplidar_ros/share/rplidar_ros/cmake/ament_cmake_export_dependencies-extras.cmake
[2.308s] -- Up-to-date symlink: /home/grupo4/capstone_ws/install/rplidar_ros/share/rplidar_ros/cmake/ament_cmake_export_include_directories-extras.cmake
[2.309s] -- Up-to-date symlink: /home/grupo4/capstone_ws/install/rplidar_ros/share/rplidar_ros/cmake/rplidar_rosConfig.cmake
[2.310s] -- Up-to-date symlink: /home/grupo4/capstone_ws/install/rplidar_ros/share/rplidar_ros/cmake/rplidar_rosConfig-version.cmake
[2.311s] -- Up-to-date symlink: /home/grupo4/capstone_ws/install/rplidar_ros/share/rplidar_ros/package.xml
[2.318s] Invoked command in '/home/grupo4/capstone_ws/build/rplidar_ros' returned '0': CMAKE_PREFIX_PATH=${CMAKE_PREFIX_PATH}:/opt/ros/humble /usr/bin/cmake --install /home/grupo4/capstone_ws/build/rplidar_ros
