[0.499s] DEBUG:colcon:Command line arguments: ['/usr/bin/colcon', 'build', '--symlink-install', '--packages-select', 'perception_pkg']
[0.500s] DEBUG:colcon:Parsed command line arguments: Namespace(log_base=None, log_level=None, verb_name='build', build_base='build', install_base='install', merge_install=False, symlink_install=True, test_result_base=None, continue_on_error=False, executor='parallel', parallel_workers=4, event_handlers=None, ignore_user_meta=False, metas=['./colcon.meta'], base_paths=['.'], packages_ignore=None, packages_ignore_regex=None, paths=None, packages_up_to=None, packages_up_to_regex=None, packages_above=None, packages_above_and_dependencies=None, packages_above_depth=None, packages_select_by_dep=None, packages_skip_by_dep=None, packages_skip_up_to=None, packages_select_build_failed=False, packages_skip_build_finished=False, packages_select_test_failures=False, packages_skip_test_passed=False, packages_select=['perception_pkg'], packages_skip=None, packages_select_regex=None, packages_skip_regex=None, packages_start=None, packages_end=None, allow_overriding=[], cmake_args=None, cmake_target=None, cmake_target_skip_unavailable=False, cmake_clean_cache=False, cmake_clean_first=False, cmake_force_configure=False, ament_cmake_args=None, catkin_cmake_args=None, catkin_skip_building_tests=False, mixin_files=None, mixin=None, verb_parser=<colcon_mixin.mixin.mixin_argument.MixinArgumentDecorator object at 0xffff9d715b70>, verb_extension=<colcon_core.verb.build.BuildVerb object at 0xffff9d8bab00>, main=<bound method BuildVerb.main of <colcon_core.verb.build.BuildVerb object at 0xffff9d8bab00>>, mixin_verb=('build',))
[1.503s] Level 1:colcon.colcon_core.package_discovery:discover_packages(colcon_meta) check parameters
[1.504s] Level 1:colcon.colcon_core.package_discovery:discover_packages(recursive) check parameters
[1.504s] Level 1:colcon.colcon_core.package_discovery:discover_packages(ignore) check parameters
[1.504s] Level 1:colcon.colcon_core.package_discovery:discover_packages(path) check parameters
[1.504s] Level 1:colcon.colcon_core.package_discovery:discover_packages(colcon_meta) discover
[1.505s] Level 1:colcon.colcon_core.package_discovery:discover_packages(recursive) discover
[1.505s] INFO:colcon.colcon_core.package_discovery:Crawling recursively for packages in '/home/grupo4/capstone_ws'
[1.505s] Level 1:colcon.colcon_core.package_identification:_identify(.) by extensions ['ignore', 'ignore_ament_install']
[1.506s] Level 1:colcon.colcon_core.package_identification:_identify(.) by extension 'ignore'
[1.506s] Level 1:colcon.colcon_core.package_identification:_identify(.) by extension 'ignore_ament_install'
[1.506s] Level 1:colcon.colcon_core.package_identification:_identify(.) by extensions ['colcon_pkg']
[1.506s] Level 1:colcon.colcon_core.package_identification:_identify(.) by extension 'colcon_pkg'
[1.507s] Level 1:colcon.colcon_core.package_identification:_identify(.) by extensions ['colcon_meta']
[1.507s] Level 1:colcon.colcon_core.package_identification:_identify(.) by extension 'colcon_meta'
[1.507s] Level 1:colcon.colcon_core.package_identification:_identify(.) by extensions ['ros']
[1.507s] Level 1:colcon.colcon_core.package_identification:_identify(.) by extension 'ros'
[1.558s] Level 1:colcon.colcon_core.package_identification:_identify(.) by extensions ['cmake', 'python']
[1.558s] Level 1:colcon.colcon_core.package_identification:_identify(.) by extension 'cmake'
[1.558s] Level 1:colcon.colcon_core.package_identification:_identify(.) by extension 'python'
[1.559s] Level 1:colcon.colcon_core.package_identification:_identify(.) by extensions ['python_setup_py']
[1.559s] Level 1:colcon.colcon_core.package_identification:_identify(.) by extension 'python_setup_py'
[1.559s] Level 1:colcon.colcon_core.package_identification:_identify(build) by extensions ['ignore', 'ignore_ament_install']
[1.560s] Level 1:colcon.colcon_core.package_identification:_identify(build) by extension 'ignore'
[1.560s] Level 1:colcon.colcon_core.package_identification:_identify(build) ignored
[1.561s] Level 1:colcon.colcon_core.package_identification:_identify(install) by extensions ['ignore', 'ignore_ament_install']
[1.561s] Level 1:colcon.colcon_core.package_identification:_identify(install) by extension 'ignore'
[1.562s] Level 1:colcon.colcon_core.package_identification:_identify(install) ignored
[1.562s] Level 1:colcon.colcon_core.package_identification:_identify(log) by extensions ['ignore', 'ignore_ament_install']
[1.563s] Level 1:colcon.colcon_core.package_identification:_identify(log) by extension 'ignore'
[1.563s] Level 1:colcon.colcon_core.package_identification:_identify(log) ignored
[1.563s] Level 1:colcon.colcon_core.package_identification:_identify(src) by extensions ['ignore', 'ignore_ament_install']
[1.564s] Level 1:colcon.colcon_core.package_identification:_identify(src) by extension 'ignore'
[1.564s] Level 1:colcon.colcon_core.package_identification:_identify(src) by extension 'ignore_ament_install'
[1.564s] Level 1:colcon.colcon_core.package_identification:_identify(src) by extensions ['colcon_pkg']
[1.564s] Level 1:colcon.colcon_core.package_identification:_identify(src) by extension 'colcon_pkg'
[1.565s] Level 1:colcon.colcon_core.package_identification:_identify(src) by extensions ['colcon_meta']
[1.565s] Level 1:colcon.colcon_core.package_identification:_identify(src) by extension 'colcon_meta'
[1.565s] Level 1:colcon.colcon_core.package_identification:_identify(src) by extensions ['ros']
[1.565s] Level 1:colcon.colcon_core.package_identification:_identify(src) by extension 'ros'
[1.566s] Level 1:colcon.colcon_core.package_identification:_identify(src) by extensions ['cmake', 'python']
[1.566s] Level 1:colcon.colcon_core.package_identification:_identify(src) by extension 'cmake'
[1.566s] Level 1:colcon.colcon_core.package_identification:_identify(src) by extension 'python'
[1.566s] Level 1:colcon.colcon_core.package_identification:_identify(src) by extensions ['python_setup_py']
[1.566s] Level 1:colcon.colcon_core.package_identification:_identify(src) by extension 'python_setup_py'
[1.567s] Level 1:colcon.colcon_core.package_identification:_identify(src/perception_pkg) by extensions ['ignore', 'ignore_ament_install']
[1.567s] Level 1:colcon.colcon_core.package_identification:_identify(src/perception_pkg) by extension 'ignore'
[1.567s] Level 1:colcon.colcon_core.package_identification:_identify(src/perception_pkg) by extension 'ignore_ament_install'
[1.568s] Level 1:colcon.colcon_core.package_identification:_identify(src/perception_pkg) by extensions ['colcon_pkg']
[1.568s] Level 1:colcon.colcon_core.package_identification:_identify(src/perception_pkg) by extension 'colcon_pkg'
[1.568s] Level 1:colcon.colcon_core.package_identification:_identify(src/perception_pkg) by extensions ['colcon_meta']
[1.568s] Level 1:colcon.colcon_core.package_identification:_identify(src/perception_pkg) by extension 'colcon_meta'
[1.569s] Level 1:colcon.colcon_core.package_identification:_identify(src/perception_pkg) by extensions ['ros']
[1.569s] Level 1:colcon.colcon_core.package_identification:_identify(src/perception_pkg) by extension 'ros'
[1.578s] DEBUG:colcon.colcon_core.package_identification:Package 'src/perception_pkg' with type 'ros.ament_python' and name 'perception_pkg'
[1.579s] Level 1:colcon.colcon_core.package_identification:_identify(src/rplidar_ros2) by extensions ['ignore', 'ignore_ament_install']
[1.579s] Level 1:colcon.colcon_core.package_identification:_identify(src/rplidar_ros2) by extension 'ignore'
[1.579s] Level 1:colcon.colcon_core.package_identification:_identify(src/rplidar_ros2) by extension 'ignore_ament_install'
[1.580s] Level 1:colcon.colcon_core.package_identification:_identify(src/rplidar_ros2) by extensions ['colcon_pkg']
[1.580s] Level 1:colcon.colcon_core.package_identification:_identify(src/rplidar_ros2) by extension 'colcon_pkg'
[1.580s] Level 1:colcon.colcon_core.package_identification:_identify(src/rplidar_ros2) by extensions ['colcon_meta']
[1.581s] Level 1:colcon.colcon_core.package_identification:_identify(src/rplidar_ros2) by extension 'colcon_meta'
[1.581s] Level 1:colcon.colcon_core.package_identification:_identify(src/rplidar_ros2) by extensions ['ros']
[1.581s] Level 1:colcon.colcon_core.package_identification:_identify(src/rplidar_ros2) by extension 'ros'
[1.585s] DEBUG:colcon.colcon_core.package_identification:Package 'src/rplidar_ros2' with type 'ros.ament_cmake' and name 'rplidar_ros'
[1.585s] Level 1:colcon.colcon_core.package_discovery:discover_packages(recursive) using defaults
[1.586s] Level 1:colcon.colcon_core.package_discovery:discover_packages(ignore) discover
[1.586s] Level 1:colcon.colcon_core.package_discovery:discover_packages(ignore) using defaults
[1.586s] Level 1:colcon.colcon_core.package_discovery:discover_packages(path) discover
[1.586s] Level 1:colcon.colcon_core.package_discovery:discover_packages(path) using defaults
[1.709s] INFO:colcon.colcon_core.package_selection:Skipping not selected package 'rplidar_ros' in 'src/rplidar_ros2'
[1.711s] Level 1:colcon.colcon_core.package_discovery:discover_packages(prefix_path) check parameters
[1.711s] Level 1:colcon.colcon_core.package_discovery:discover_packages(prefix_path) discover
[1.721s] DEBUG:colcon.colcon_installed_package_information.package_discovery:Found 1 installed packages in //home/grupo4/test_ws/install
[1.724s] DEBUG:colcon.colcon_installed_package_information.package_discovery:Found 2 installed packages in //home/grupo4/capstone_ws/install
[1.733s] DEBUG:colcon.colcon_installed_package_information.package_discovery:Found 271 installed packages in /opt/ros/humble
[1.740s] Level 1:colcon.colcon_core.package_discovery:discover_packages(prefix_path) using defaults
[1.909s] Level 5:colcon.colcon_core.verb:set package 'perception_pkg' build argument 'cmake_args' from command line to 'None'
[1.910s] Level 5:colcon.colcon_core.verb:set package 'perception_pkg' build argument 'cmake_target' from command line to 'None'
[1.910s] Level 5:colcon.colcon_core.verb:set package 'perception_pkg' build argument 'cmake_target_skip_unavailable' from command line to 'False'
[1.910s] Level 5:colcon.colcon_core.verb:set package 'perception_pkg' build argument 'cmake_clean_cache' from command line to 'False'
[1.910s] Level 5:colcon.colcon_core.verb:set package 'perception_pkg' build argument 'cmake_clean_first' from command line to 'False'
[1.910s] Level 5:colcon.colcon_core.verb:set package 'perception_pkg' build argument 'cmake_force_configure' from command line to 'False'
[1.910s] Level 5:colcon.colcon_core.verb:set package 'perception_pkg' build argument 'ament_cmake_args' from command line to 'None'
[1.910s] Level 5:colcon.colcon_core.verb:set package 'perception_pkg' build argument 'catkin_cmake_args' from command line to 'None'
[1.911s] Level 5:colcon.colcon_core.verb:set package 'perception_pkg' build argument 'catkin_skip_building_tests' from command line to 'False'
[1.911s] DEBUG:colcon.colcon_core.verb:Building package 'perception_pkg' with the following arguments: {'ament_cmake_args': None, 'build_base': '/home/grupo4/capstone_ws/build/perception_pkg', 'catkin_cmake_args': None, 'catkin_skip_building_tests': False, 'cmake_args': None, 'cmake_clean_cache': False, 'cmake_clean_first': False, 'cmake_force_configure': False, 'cmake_target': None, 'cmake_target_skip_unavailable': False, 'install_base': '/home/grupo4/capstone_ws/install/perception_pkg', 'merge_install': False, 'path': '/home/grupo4/capstone_ws/src/perception_pkg', 'symlink_install': True, 'test_result_base': None}
[1.911s] INFO:colcon.colcon_core.executor:Executing jobs using 'parallel' executor
[1.915s] DEBUG:colcon.colcon_parallel_executor.executor.parallel:run_until_complete
[1.916s] INFO:colcon.colcon_ros.task.ament_python.build:Building ROS package in '/home/grupo4/capstone_ws/src/perception_pkg' with build type 'ament_python'
[1.918s] Level 1:colcon.colcon_core.shell:create_environment_hook('perception_pkg', 'ament_prefix_path')
[1.926s] INFO:colcon.colcon_core.plugin_system:Skipping extension 'colcon_core.shell.bat': Not used on non-Windows systems
[1.927s] INFO:colcon.colcon_core.shell:Creating environment hook '/home/grupo4/capstone_ws/install/perception_pkg/share/perception_pkg/hook/ament_prefix_path.ps1'
[1.930s] INFO:colcon.colcon_core.shell:Creating environment descriptor '/home/grupo4/capstone_ws/install/perception_pkg/share/perception_pkg/hook/ament_prefix_path.dsv'
[1.933s] INFO:colcon.colcon_core.shell:Creating environment hook '/home/grupo4/capstone_ws/install/perception_pkg/share/perception_pkg/hook/ament_prefix_path.sh'
[1.942s] INFO:colcon.colcon_core.shell:Skip shell extension 'powershell' for command environment: Not usable outside of PowerShell
[1.943s] DEBUG:colcon.colcon_core.shell:Skip shell extension 'dsv' for command environment
[3.289s] INFO:colcon.colcon_core.task.python.build:Building Python package in '/home/grupo4/capstone_ws/src/perception_pkg'
[3.290s] INFO:colcon.colcon_core.shell:Skip shell extension 'powershell' for command environment: Not usable outside of PowerShell
[3.290s] DEBUG:colcon.colcon_core.shell:Skip shell extension 'dsv' for command environment
[4.999s] DEBUG:colcon.colcon_core.event_handler.log_command:Invoking command in '/home/grupo4/capstone_ws/build/perception_pkg': PYTHONPATH=/home/grupo4/capstone_ws/build/perception_pkg/prefix_override:/usr/lib/python3/dist-packages/colcon_core/task/python/colcon_distutils_commands:/home/grupo4/capstone_ws/install/perception_pkg/lib/python3.10/site-packages:${PYTHONPATH} /usr/bin/python3 -W ignore:setup.py install is deprecated -W ignore:easy_install command is deprecated setup.py develop --editable --build-directory /home/grupo4/capstone_ws/build/perception_pkg/build --no-deps symlink_data
[7.409s] Level 1:colcon.colcon_core.shell:create_environment_hook('perception_pkg', 'pythonpath_develop')
[7.411s] INFO:colcon.colcon_core.shell:Creating environment hook '/home/grupo4/capstone_ws/build/perception_pkg/share/perception_pkg/hook/pythonpath_develop.ps1'
[7.417s] DEBUG:colcon.colcon_core.event_handler.log_command:Invoked command in '/home/grupo4/capstone_ws/build/perception_pkg' returned '0': PYTHONPATH=/home/grupo4/capstone_ws/build/perception_pkg/prefix_override:/usr/lib/python3/dist-packages/colcon_core/task/python/colcon_distutils_commands:/home/grupo4/capstone_ws/install/perception_pkg/lib/python3.10/site-packages:${PYTHONPATH} /usr/bin/python3 -W ignore:setup.py install is deprecated -W ignore:easy_install command is deprecated setup.py develop --editable --build-directory /home/grupo4/capstone_ws/build/perception_pkg/build --no-deps symlink_data
[7.419s] INFO:colcon.colcon_core.shell:Creating environment descriptor '/home/grupo4/capstone_ws/build/perception_pkg/share/perception_pkg/hook/pythonpath_develop.dsv'
[7.423s] INFO:colcon.colcon_core.shell:Creating environment hook '/home/grupo4/capstone_ws/build/perception_pkg/share/perception_pkg/hook/pythonpath_develop.sh'
[7.441s] Level 1:colcon.colcon_core.environment:checking '/home/grupo4/capstone_ws/install/perception_pkg' for CMake module files
[7.444s] Level 1:colcon.colcon_core.environment:checking '/home/grupo4/capstone_ws/install/perception_pkg' for CMake config files
[7.449s] Level 1:colcon.colcon_core.environment:checking '/home/grupo4/capstone_ws/install/perception_pkg/lib'
[7.451s] Level 1:colcon.colcon_core.environment:checking '/home/grupo4/capstone_ws/install/perception_pkg/bin'
[7.451s] Level 1:colcon.colcon_core.environment:checking '/home/grupo4/capstone_ws/install/perception_pkg/lib/pkgconfig/perception_pkg.pc'
[7.453s] Level 1:colcon.colcon_core.environment:checking '/home/grupo4/capstone_ws/install/perception_pkg/lib/python3.10/site-packages'
[7.454s] Level 1:colcon.colcon_core.shell:create_environment_hook('perception_pkg', 'pythonpath')
[7.456s] INFO:colcon.colcon_core.shell:Creating environment hook '/home/grupo4/capstone_ws/install/perception_pkg/share/perception_pkg/hook/pythonpath.ps1'
[7.460s] INFO:colcon.colcon_core.shell:Creating environment descriptor '/home/grupo4/capstone_ws/install/perception_pkg/share/perception_pkg/hook/pythonpath.dsv'
[7.466s] INFO:colcon.colcon_core.shell:Creating environment hook '/home/grupo4/capstone_ws/install/perception_pkg/share/perception_pkg/hook/pythonpath.sh'
[7.471s] Level 1:colcon.colcon_core.environment:checking '/home/grupo4/capstone_ws/install/perception_pkg/bin'
[7.472s] Level 1:colcon.colcon_core.environment:create_environment_scripts_only(perception_pkg)
[7.474s] INFO:colcon.colcon_core.shell:Creating package script '/home/grupo4/capstone_ws/install/perception_pkg/share/perception_pkg/package.ps1'
[7.478s] INFO:colcon.colcon_core.shell:Creating package descriptor '/home/grupo4/capstone_ws/install/perception_pkg/share/perception_pkg/package.dsv'
[7.482s] INFO:colcon.colcon_core.shell:Creating package script '/home/grupo4/capstone_ws/install/perception_pkg/share/perception_pkg/package.sh'
[7.485s] INFO:colcon.colcon_core.shell:Creating package script '/home/grupo4/capstone_ws/install/perception_pkg/share/perception_pkg/package.bash'
[7.489s] INFO:colcon.colcon_core.shell:Creating package script '/home/grupo4/capstone_ws/install/perception_pkg/share/perception_pkg/package.zsh'
[7.494s] Level 1:colcon.colcon_core.environment:create_file_with_runtime_dependencies(/home/grupo4/capstone_ws/install/perception_pkg/share/colcon-core/packages/perception_pkg)
[7.498s] DEBUG:colcon.colcon_parallel_executor.executor.parallel:closing loop
[7.499s] DEBUG:colcon.colcon_parallel_executor.executor.parallel:loop closed
[7.500s] DEBUG:colcon.colcon_parallel_executor.executor.parallel:run_until_complete finished with '0'
[7.500s] DEBUG:colcon.colcon_core.event_reactor:joining thread
[7.521s] INFO:colcon.colcon_core.plugin_system:Skipping extension 'colcon_notification.desktop_notification.terminal_notifier': Not used on non-Darwin systems
[7.521s] INFO:colcon.colcon_core.plugin_system:Skipping extension 'colcon_notification.desktop_notification.win32': Not used on non-Windows systems
[7.522s] INFO:colcon.colcon_notification.desktop_notification:Sending desktop notification using 'notify2'
[7.582s] DEBUG:colcon.colcon_core.event_reactor:joined thread
[7.584s] INFO:colcon.colcon_core.shell:Creating prefix script '/home/grupo4/capstone_ws/install/local_setup.ps1'
[7.592s] INFO:colcon.colcon_core.shell:Creating prefix util module '/home/grupo4/capstone_ws/install/_local_setup_util_ps1.py'
[7.603s] INFO:colcon.colcon_core.shell:Creating prefix chain script '/home/grupo4/capstone_ws/install/setup.ps1'
[7.613s] INFO:colcon.colcon_core.shell:Creating prefix script '/home/grupo4/capstone_ws/install/local_setup.sh'
[7.617s] INFO:colcon.colcon_core.shell:Creating prefix util module '/home/grupo4/capstone_ws/install/_local_setup_util_sh.py'
[7.623s] INFO:colcon.colcon_core.shell:Creating prefix chain script '/home/grupo4/capstone_ws/install/setup.sh'
[7.632s] INFO:colcon.colcon_core.shell:Creating prefix script '/home/grupo4/capstone_ws/install/local_setup.bash'
[7.636s] INFO:colcon.colcon_core.shell:Creating prefix chain script '/home/grupo4/capstone_ws/install/setup.bash'
[7.644s] INFO:colcon.colcon_core.shell:Creating prefix script '/home/grupo4/capstone_ws/install/local_setup.zsh'
[7.648s] INFO:colcon.colcon_core.shell:Creating prefix chain script '/home/grupo4/capstone_ws/install/setup.zsh'
