[0.053s] Invoking command in '/home/grupo4/capstone_ws/build/pointcloud_to_laserscan': CMAKE_PREFIX_PATH=${CMAKE_PREFIX_PATH}://home/grupo4/capstone_ws/install/perception_pkg:/opt/ros/humble /usr/bin/cmake /home/grupo4/capstone_ws/src/pointcloud_to_laserscan -DAMENT_CMAKE_SYMLINK_INSTALL=1 -DCMAKE_INSTALL_PREFIX=/home/grupo4/capstone_ws/install/pointcloud_to_laserscan
[0.113s] -- Found ament_cmake: 1.3.11 (/opt/ros/humble/share/ament_cmake/cmake)
[0.736s] -- Override CMake install command with custom implementation using symlinks instead of copying resources
[0.776s] -- Found laser_geometry: 2.4.0 (/opt/ros/humble/share/laser_geometry/cmake)
[0.990s] -- Found rosidl_generator_c: 3.1.6 (/opt/ros/humble/share/rosidl_generator_c/cmake)
[1.006s] -- Found rosidl_adapter: 3.1.6 (/opt/ros/humble/share/rosidl_adapter/cmake)
[1.044s] -- Found rosidl_generator_cpp: 3.1.6 (/opt/ros/humble/share/rosidl_generator_cpp/cmake)
[1.101s] -- Using all available rosidl_typesupport_c: rosidl_typesupport_fastrtps_c;rosidl_typesupport_introspection_c
[1.176s] -- Using all available rosidl_typesupport_cpp: rosidl_typesupport_fastrtps_cpp;rosidl_typesupport_introspection_cpp
[1.346s] -- Found rmw_implementation_cmake: 6.1.2 (/opt/ros/humble/share/rmw_implementation_cmake/cmake)
[1.354s] -- Found rmw_fastrtps_cpp: 6.2.7 (/opt/ros/humble/share/rmw_fastrtps_cpp/cmake)
[2.297s] -- Using RMW implementation 'rmw_fastrtps_cpp' as default
[2.627s] -- Found message_filters: 4.3.6 (/opt/ros/humble/share/message_filters/cmake)
[2.638s] -- Found rclcpp_components: 16.0.12 (/opt/ros/humble/share/rclcpp_components/cmake)
[2.715s] -- Found tf2_ros: 0.25.12 (/opt/ros/humble/share/tf2_ros/cmake)
[2.952s] -- Found tf2_sensor_msgs: 0.25.12 (/opt/ros/humble/share/tf2_sensor_msgs/cmake)
[2.982s] -- Found ament_lint_auto: 0.12.12 (/opt/ros/humble/share/ament_lint_auto/cmake)
[3.363s] -- Added test 'cppcheck' to perform static code analysis on C / C++ code
[3.364s] -- Configured cppcheck include dirs: $<BUILD_INTERFACE:/home/grupo4/capstone_ws/src/pointcloud_to_laserscan/include>
[3.365s] -- Configured cppcheck exclude dirs and/or files: 
[3.399s] -- Added test 'cpplint' to check C / C++ code against the Google style
[3.400s] -- Configured cpplint exclude dirs and/or files: 
[3.405s] -- Added test 'flake8' to check Python code syntax and style conventions
[3.415s] -- Added test 'lint_cmake' to check CMake code style
[3.421s] -- Added test 'pep257' to check Python code against some of the docstring style conventions in PEP 257
[3.458s] -- Added test 'uncrustify' to check C / C++ code style
[3.459s] -- Configured uncrustify additional arguments: 
[3.464s] -- Added test 'xmllint' to check XML markup files
[3.473s] -- Configuring done
[3.514s] [31mCMake Error at CMakeLists.txt:15 (add_library):
[3.515s]   Target "laserscan_to_pointcloud" links to target
[3.515s]   "tf2_sensor_msgs::tf2_sensor_msgs" but the target was not found.  Perhaps a
[3.516s]   find_package() call is missing for an IMPORTED target, or an ALIAS target
[3.516s]   is missing?
[3.516s] 
[3.517s] [0m
[3.517s] [31mCMake Error at CMakeLists.txt:36 (add_library):
[3.518s]   Target "pointcloud_to_laserscan" links to target
[3.519s]   "tf2_sensor_msgs::tf2_sensor_msgs" but the target was not found.  Perhaps a
[3.519s]   find_package() call is missing for an IMPORTED target, or an ALIAS target
[3.519s]   is missing?
[3.520s] 
[3.520s] [0m
[3.622s] -- Generating done
[3.629s] [0mCMake Generate step failed.  Build files cannot be regenerated correctly.[0m
[3.675s] Invoked command in '/home/grupo4/capstone_ws/build/pointcloud_to_laserscan' returned '1': CMAKE_PREFIX_PATH=${CMAKE_PREFIX_PATH}://home/grupo4/capstone_ws/install/perception_pkg:/opt/ros/humble /usr/bin/cmake /home/grupo4/capstone_ws/src/pointcloud_to_laserscan -DAMENT_CMAKE_SYMLINK_INSTALL=1 -DCMAKE_INSTALL_PREFIX=/home/grupo4/capstone_ws/install/pointcloud_to_laserscan
