[0.479s] DEBUG:colcon:Command line arguments: ['/usr/bin/colcon', 'build', '--symlink-install', '--packages-select', 'perception_pkg', 'pointcloud_to_laserscan']
[0.480s] DEBUG:colcon:Parsed command line arguments: Namespace(log_base=None, log_level=None, verb_name='build', build_base='build', install_base='install', merge_install=False, symlink_install=True, test_result_base=None, continue_on_error=False, executor='parallel', parallel_workers=4, event_handlers=None, ignore_user_meta=False, metas=['./colcon.meta'], base_paths=['.'], packages_ignore=None, packages_ignore_regex=None, paths=None, packages_up_to=None, packages_up_to_regex=None, packages_above=None, packages_above_and_dependencies=None, packages_above_depth=None, packages_select_by_dep=None, packages_skip_by_dep=None, packages_skip_up_to=None, packages_select_build_failed=False, packages_skip_build_finished=False, packages_select_test_failures=False, packages_skip_test_passed=False, packages_select=['perception_pkg', 'pointcloud_to_laserscan'], packages_skip=None, packages_select_regex=None, packages_skip_regex=None, packages_start=None, packages_end=None, allow_overriding=[], cmake_args=None, cmake_target=None, cmake_target_skip_unavailable=False, cmake_clean_cache=False, cmake_clean_first=False, cmake_force_configure=False, ament_cmake_args=None, catkin_cmake_args=None, catkin_skip_building_tests=False, mixin_files=None, mixin=None, verb_parser=<colcon_mixin.mixin.mixin_argument.MixinArgumentDecorator object at 0xffffa9b61bd0>, verb_extension=<colcon_core.verb.build.BuildVerb object at 0xffffa9d0eb60>, main=<bound method BuildVerb.main of <colcon_core.verb.build.BuildVerb object at 0xffffa9d0eb60>>, mixin_verb=('build',))
[1.320s] Level 1:colcon.colcon_core.package_discovery:discover_packages(colcon_meta) check parameters
[1.321s] Level 1:colcon.colcon_core.package_discovery:discover_packages(recursive) check parameters
[1.321s] Level 1:colcon.colcon_core.package_discovery:discover_packages(ignore) check parameters
[1.321s] Level 1:colcon.colcon_core.package_discovery:discover_packages(path) check parameters
[1.321s] Level 1:colcon.colcon_core.package_discovery:discover_packages(colcon_meta) discover
[1.321s] Level 1:colcon.colcon_core.package_discovery:discover_packages(recursive) discover
[1.322s] INFO:colcon.colcon_core.package_discovery:Crawling recursively for packages in '/home/grupo4/capstone_ws'
[1.322s] Level 1:colcon.colcon_core.package_identification:_identify(.) by extensions ['ignore', 'ignore_ament_install']
[1.323s] Level 1:colcon.colcon_core.package_identification:_identify(.) by extension 'ignore'
[1.323s] Level 1:colcon.colcon_core.package_identification:_identify(.) by extension 'ignore_ament_install'
[1.323s] Level 1:colcon.colcon_core.package_identification:_identify(.) by extensions ['colcon_pkg']
[1.323s] Level 1:colcon.colcon_core.package_identification:_identify(.) by extension 'colcon_pkg'
[1.324s] Level 1:colcon.colcon_core.package_identification:_identify(.) by extensions ['colcon_meta']
[1.324s] Level 1:colcon.colcon_core.package_identification:_identify(.) by extension 'colcon_meta'
[1.324s] Level 1:colcon.colcon_core.package_identification:_identify(.) by extensions ['ros']
[1.324s] Level 1:colcon.colcon_core.package_identification:_identify(.) by extension 'ros'
[1.369s] Level 1:colcon.colcon_core.package_identification:_identify(.) by extensions ['cmake', 'python']
[1.369s] Level 1:colcon.colcon_core.package_identification:_identify(.) by extension 'cmake'
[1.369s] Level 1:colcon.colcon_core.package_identification:_identify(.) by extension 'python'
[1.369s] Level 1:colcon.colcon_core.package_identification:_identify(.) by extensions ['python_setup_py']
[1.370s] Level 1:colcon.colcon_core.package_identification:_identify(.) by extension 'python_setup_py'
[1.370s] Level 1:colcon.colcon_core.package_identification:_identify(build) by extensions ['ignore', 'ignore_ament_install']
[1.371s] Level 1:colcon.colcon_core.package_identification:_identify(build) by extension 'ignore'
[1.371s] Level 1:colcon.colcon_core.package_identification:_identify(build) ignored
[1.371s] Level 1:colcon.colcon_core.package_identification:_identify(install) by extensions ['ignore', 'ignore_ament_install']
[1.372s] Level 1:colcon.colcon_core.package_identification:_identify(install) by extension 'ignore'
[1.372s] Level 1:colcon.colcon_core.package_identification:_identify(install) ignored
[1.373s] Level 1:colcon.colcon_core.package_identification:_identify(log) by extensions ['ignore', 'ignore_ament_install']
[1.373s] Level 1:colcon.colcon_core.package_identification:_identify(log) by extension 'ignore'
[1.374s] Level 1:colcon.colcon_core.package_identification:_identify(log) ignored
[1.374s] Level 1:colcon.colcon_core.package_identification:_identify(src) by extensions ['ignore', 'ignore_ament_install']
[1.375s] Level 1:colcon.colcon_core.package_identification:_identify(src) by extension 'ignore'
[1.375s] Level 1:colcon.colcon_core.package_identification:_identify(src) by extension 'ignore_ament_install'
[1.375s] Level 1:colcon.colcon_core.package_identification:_identify(src) by extensions ['colcon_pkg']
[1.375s] Level 1:colcon.colcon_core.package_identification:_identify(src) by extension 'colcon_pkg'
[1.375s] Level 1:colcon.colcon_core.package_identification:_identify(src) by extensions ['colcon_meta']
[1.376s] Level 1:colcon.colcon_core.package_identification:_identify(src) by extension 'colcon_meta'
[1.376s] Level 1:colcon.colcon_core.package_identification:_identify(src) by extensions ['ros']
[1.376s] Level 1:colcon.colcon_core.package_identification:_identify(src) by extension 'ros'
[1.376s] Level 1:colcon.colcon_core.package_identification:_identify(src) by extensions ['cmake', 'python']
[1.376s] Level 1:colcon.colcon_core.package_identification:_identify(src) by extension 'cmake'
[1.377s] Level 1:colcon.colcon_core.package_identification:_identify(src) by extension 'python'
[1.377s] Level 1:colcon.colcon_core.package_identification:_identify(src) by extensions ['python_setup_py']
[1.377s] Level 1:colcon.colcon_core.package_identification:_identify(src) by extension 'python_setup_py'
[1.377s] Level 1:colcon.colcon_core.package_identification:_identify(src/perception_pkg) by extensions ['ignore', 'ignore_ament_install']
[1.378s] Level 1:colcon.colcon_core.package_identification:_identify(src/perception_pkg) by extension 'ignore'
[1.378s] Level 1:colcon.colcon_core.package_identification:_identify(src/perception_pkg) by extension 'ignore_ament_install'
[1.378s] Level 1:colcon.colcon_core.package_identification:_identify(src/perception_pkg) by extensions ['colcon_pkg']
[1.379s] Level 1:colcon.colcon_core.package_identification:_identify(src/perception_pkg) by extension 'colcon_pkg'
[1.379s] Level 1:colcon.colcon_core.package_identification:_identify(src/perception_pkg) by extensions ['colcon_meta']
[1.379s] Level 1:colcon.colcon_core.package_identification:_identify(src/perception_pkg) by extension 'colcon_meta'
[1.379s] Level 1:colcon.colcon_core.package_identification:_identify(src/perception_pkg) by extensions ['ros']
[1.379s] Level 1:colcon.colcon_core.package_identification:_identify(src/perception_pkg) by extension 'ros'
[1.388s] DEBUG:colcon.colcon_core.package_identification:Package 'src/perception_pkg' with type 'ros.ament_python' and name 'perception_pkg'
[1.389s] Level 1:colcon.colcon_core.package_identification:_identify(src/pointcloud_to_laserscan) by extensions ['ignore', 'ignore_ament_install']
[1.389s] Level 1:colcon.colcon_core.package_identification:_identify(src/pointcloud_to_laserscan) by extension 'ignore'
[1.390s] Level 1:colcon.colcon_core.package_identification:_identify(src/pointcloud_to_laserscan) by extension 'ignore_ament_install'
[1.390s] Level 1:colcon.colcon_core.package_identification:_identify(src/pointcloud_to_laserscan) by extensions ['colcon_pkg']
[1.390s] Level 1:colcon.colcon_core.package_identification:_identify(src/pointcloud_to_laserscan) by extension 'colcon_pkg'
[1.390s] Level 1:colcon.colcon_core.package_identification:_identify(src/pointcloud_to_laserscan) by extensions ['colcon_meta']
[1.390s] Level 1:colcon.colcon_core.package_identification:_identify(src/pointcloud_to_laserscan) by extension 'colcon_meta'
[1.391s] Level 1:colcon.colcon_core.package_identification:_identify(src/pointcloud_to_laserscan) by extensions ['ros']
[1.391s] Level 1:colcon.colcon_core.package_identification:_identify(src/pointcloud_to_laserscan) by extension 'ros'
[1.397s] DEBUG:colcon.colcon_core.package_identification:Package 'src/pointcloud_to_laserscan' with type 'ros.ament_cmake' and name 'pointcloud_to_laserscan'
[1.398s] Level 1:colcon.colcon_core.package_identification:_identify(src/rplidar_ros2) by extensions ['ignore', 'ignore_ament_install']
[1.399s] Level 1:colcon.colcon_core.package_identification:_identify(src/rplidar_ros2) by extension 'ignore'
[1.399s] Level 1:colcon.colcon_core.package_identification:_identify(src/rplidar_ros2) by extension 'ignore_ament_install'
[1.400s] Level 1:colcon.colcon_core.package_identification:_identify(src/rplidar_ros2) by extensions ['colcon_pkg']
[1.400s] Level 1:colcon.colcon_core.package_identification:_identify(src/rplidar_ros2) by extension 'colcon_pkg'
[1.401s] Level 1:colcon.colcon_core.package_identification:_identify(src/rplidar_ros2) by extensions ['colcon_meta']
[1.401s] Level 1:colcon.colcon_core.package_identification:_identify(src/rplidar_ros2) by extension 'colcon_meta'
[1.402s] Level 1:colcon.colcon_core.package_identification:_identify(src/rplidar_ros2) by extensions ['ros']
[1.402s] Level 1:colcon.colcon_core.package_identification:_identify(src/rplidar_ros2) by extension 'ros'
[1.405s] DEBUG:colcon.colcon_core.package_identification:Package 'src/rplidar_ros2' with type 'ros.ament_cmake' and name 'rplidar_ros'
[1.405s] Level 1:colcon.colcon_core.package_discovery:discover_packages(recursive) using defaults
[1.405s] Level 1:colcon.colcon_core.package_discovery:discover_packages(ignore) discover
[1.405s] Level 1:colcon.colcon_core.package_discovery:discover_packages(ignore) using defaults
[1.406s] Level 1:colcon.colcon_core.package_discovery:discover_packages(path) discover
[1.406s] Level 1:colcon.colcon_core.package_discovery:discover_packages(path) using defaults
[1.528s] INFO:colcon.colcon_core.package_selection:Skipping not selected package 'rplidar_ros' in 'src/rplidar_ros2'
[1.530s] Level 1:colcon.colcon_core.package_discovery:discover_packages(prefix_path) check parameters
[1.530s] Level 1:colcon.colcon_core.package_discovery:discover_packages(prefix_path) discover
[1.541s] DEBUG:colcon.colcon_installed_package_information.package_discovery:Found 1 installed packages in //home/grupo4/test_ws/install
[1.543s] DEBUG:colcon.colcon_installed_package_information.package_discovery:Found 2 installed packages in //home/grupo4/capstone_ws/install
[1.553s] DEBUG:colcon.colcon_installed_package_information.package_discovery:Found 271 installed packages in /opt/ros/humble
[1.559s] Level 1:colcon.colcon_core.package_discovery:discover_packages(prefix_path) using defaults
[1.729s] Level 5:colcon.colcon_core.verb:set package 'perception_pkg' build argument 'cmake_args' from command line to 'None'
[1.729s] Level 5:colcon.colcon_core.verb:set package 'perception_pkg' build argument 'cmake_target' from command line to 'None'
[1.729s] Level 5:colcon.colcon_core.verb:set package 'perception_pkg' build argument 'cmake_target_skip_unavailable' from command line to 'False'
[1.729s] Level 5:colcon.colcon_core.verb:set package 'perception_pkg' build argument 'cmake_clean_cache' from command line to 'False'
[1.729s] Level 5:colcon.colcon_core.verb:set package 'perception_pkg' build argument 'cmake_clean_first' from command line to 'False'
[1.729s] Level 5:colcon.colcon_core.verb:set package 'perception_pkg' build argument 'cmake_force_configure' from command line to 'False'
[1.730s] Level 5:colcon.colcon_core.verb:set package 'perception_pkg' build argument 'ament_cmake_args' from command line to 'None'
[1.730s] Level 5:colcon.colcon_core.verb:set package 'perception_pkg' build argument 'catkin_cmake_args' from command line to 'None'
[1.730s] Level 5:colcon.colcon_core.verb:set package 'perception_pkg' build argument 'catkin_skip_building_tests' from command line to 'False'
[1.730s] DEBUG:colcon.colcon_core.verb:Building package 'perception_pkg' with the following arguments: {'ament_cmake_args': None, 'build_base': '/home/grupo4/capstone_ws/build/perception_pkg', 'catkin_cmake_args': None, 'catkin_skip_building_tests': False, 'cmake_args': None, 'cmake_clean_cache': False, 'cmake_clean_first': False, 'cmake_force_configure': False, 'cmake_target': None, 'cmake_target_skip_unavailable': False, 'install_base': '/home/grupo4/capstone_ws/install/perception_pkg', 'merge_install': False, 'path': '/home/grupo4/capstone_ws/src/perception_pkg', 'symlink_install': True, 'test_result_base': None}
[1.732s] Level 5:colcon.colcon_core.verb:set package 'pointcloud_to_laserscan' build argument 'cmake_args' from command line to 'None'
[1.732s] Level 5:colcon.colcon_core.verb:set package 'pointcloud_to_laserscan' build argument 'cmake_target' from command line to 'None'
[1.732s] Level 5:colcon.colcon_core.verb:set package 'pointcloud_to_laserscan' build argument 'cmake_target_skip_unavailable' from command line to 'False'
[1.732s] Level 5:colcon.colcon_core.verb:set package 'pointcloud_to_laserscan' build argument 'cmake_clean_cache' from command line to 'False'
[1.732s] Level 5:colcon.colcon_core.verb:set package 'pointcloud_to_laserscan' build argument 'cmake_clean_first' from command line to 'False'
[1.732s] Level 5:colcon.colcon_core.verb:set package 'pointcloud_to_laserscan' build argument 'cmake_force_configure' from command line to 'False'
[1.732s] Level 5:colcon.colcon_core.verb:set package 'pointcloud_to_laserscan' build argument 'ament_cmake_args' from command line to 'None'
[1.732s] Level 5:colcon.colcon_core.verb:set package 'pointcloud_to_laserscan' build argument 'catkin_cmake_args' from command line to 'None'
[1.733s] Level 5:colcon.colcon_core.verb:set package 'pointcloud_to_laserscan' build argument 'catkin_skip_building_tests' from command line to 'False'
[1.733s] DEBUG:colcon.colcon_core.verb:Building package 'pointcloud_to_laserscan' with the following arguments: {'ament_cmake_args': None, 'build_base': '/home/grupo4/capstone_ws/build/pointcloud_to_laserscan', 'catkin_cmake_args': None, 'catkin_skip_building_tests': False, 'cmake_args': None, 'cmake_clean_cache': False, 'cmake_clean_first': False, 'cmake_force_configure': False, 'cmake_target': None, 'cmake_target_skip_unavailable': False, 'install_base': '/home/grupo4/capstone_ws/install/pointcloud_to_laserscan', 'merge_install': False, 'path': '/home/grupo4/capstone_ws/src/pointcloud_to_laserscan', 'symlink_install': True, 'test_result_base': None}
[1.733s] INFO:colcon.colcon_core.executor:Executing jobs using 'parallel' executor
[1.737s] DEBUG:colcon.colcon_parallel_executor.executor.parallel:run_until_complete
[1.738s] INFO:colcon.colcon_ros.task.ament_python.build:Building ROS package in '/home/grupo4/capstone_ws/src/perception_pkg' with build type 'ament_python'
[1.739s] Level 1:colcon.colcon_core.shell:create_environment_hook('perception_pkg', 'ament_prefix_path')
[1.747s] INFO:colcon.colcon_core.plugin_system:Skipping extension 'colcon_core.shell.bat': Not used on non-Windows systems
[1.748s] INFO:colcon.colcon_core.shell:Creating environment hook '/home/grupo4/capstone_ws/install/perception_pkg/share/perception_pkg/hook/ament_prefix_path.ps1'
[1.752s] INFO:colcon.colcon_core.shell:Creating environment descriptor '/home/grupo4/capstone_ws/install/perception_pkg/share/perception_pkg/hook/ament_prefix_path.dsv'
[1.755s] INFO:colcon.colcon_core.shell:Creating environment hook '/home/grupo4/capstone_ws/install/perception_pkg/share/perception_pkg/hook/ament_prefix_path.sh'
[1.760s] INFO:colcon.colcon_core.shell:Skip shell extension 'powershell' for command environment: Not usable outside of PowerShell
[1.761s] DEBUG:colcon.colcon_core.shell:Skip shell extension 'dsv' for command environment
[1.784s] INFO:colcon.colcon_ros.task.ament_cmake.build:Building ROS package in '/home/grupo4/capstone_ws/src/pointcloud_to_laserscan' with build type 'ament_cmake'
[1.785s] INFO:colcon.colcon_cmake.task.cmake.build:Building CMake package in '/home/grupo4/capstone_ws/src/pointcloud_to_laserscan'
[1.786s] INFO:colcon.colcon_core.shell:Skip shell extension 'powershell' for command environment: Not usable outside of PowerShell
[1.786s] DEBUG:colcon.colcon_core.shell:Skip shell extension 'dsv' for command environment
[3.154s] INFO:colcon.colcon_core.task.python.build:Building Python package in '/home/grupo4/capstone_ws/src/perception_pkg'
[3.155s] INFO:colcon.colcon_core.shell:Skip shell extension 'powershell' for command environment: Not usable outside of PowerShell
[3.155s] DEBUG:colcon.colcon_core.shell:Skip shell extension 'dsv' for command environment
[3.191s] DEBUG:colcon.colcon_core.event_handler.log_command:Invoking command in '/home/grupo4/capstone_ws/build/pointcloud_to_laserscan': CMAKE_PREFIX_PATH=${CMAKE_PREFIX_PATH}://home/grupo4/capstone_ws/install/perception_pkg:/opt/ros/humble /usr/bin/cmake /home/grupo4/capstone_ws/src/pointcloud_to_laserscan -DAMENT_CMAKE_SYMLINK_INSTALL=1 -DCMAKE_INSTALL_PREFIX=/home/grupo4/capstone_ws/install/pointcloud_to_laserscan
[5.016s] DEBUG:colcon.colcon_core.event_handler.log_command:Invoking command in '/home/grupo4/capstone_ws/build/perception_pkg': PYTHONPATH=/home/grupo4/capstone_ws/build/perception_pkg/prefix_override:/usr/lib/python3/dist-packages/colcon_core/task/python/colcon_distutils_commands:/home/grupo4/capstone_ws/install/perception_pkg/lib/python3.10/site-packages:${PYTHONPATH} /usr/bin/python3 -W ignore:setup.py install is deprecated -W ignore:easy_install command is deprecated setup.py develop --editable --build-directory /home/grupo4/capstone_ws/build/perception_pkg/build --no-deps symlink_data
[8.051s] Level 1:colcon.colcon_core.shell:create_environment_hook('perception_pkg', 'pythonpath_develop')
[8.052s] INFO:colcon.colcon_core.shell:Creating environment hook '/home/grupo4/capstone_ws/build/perception_pkg/share/perception_pkg/hook/pythonpath_develop.ps1'
[8.060s] INFO:colcon.colcon_core.shell:Creating environment descriptor '/home/grupo4/capstone_ws/build/perception_pkg/share/perception_pkg/hook/pythonpath_develop.dsv'
[8.065s] INFO:colcon.colcon_core.shell:Creating environment hook '/home/grupo4/capstone_ws/build/perception_pkg/share/perception_pkg/hook/pythonpath_develop.sh'
[8.062s] DEBUG:colcon.colcon_core.event_handler.log_command:Invoked command in '/home/grupo4/capstone_ws/build/perception_pkg' returned '0': PYTHONPATH=/home/grupo4/capstone_ws/build/perception_pkg/prefix_override:/usr/lib/python3/dist-packages/colcon_core/task/python/colcon_distutils_commands:/home/grupo4/capstone_ws/install/perception_pkg/lib/python3.10/site-packages:${PYTHONPATH} /usr/bin/python3 -W ignore:setup.py install is deprecated -W ignore:easy_install command is deprecated setup.py develop --editable --build-directory /home/grupo4/capstone_ws/build/perception_pkg/build --no-deps symlink_data
[8.093s] Level 1:colcon.colcon_core.environment:checking '/home/grupo4/capstone_ws/install/perception_pkg' for CMake module files
[8.096s] Level 1:colcon.colcon_core.environment:checking '/home/grupo4/capstone_ws/install/perception_pkg' for CMake config files
[8.100s] Level 1:colcon.colcon_core.environment:checking '/home/grupo4/capstone_ws/install/perception_pkg/lib'
[8.102s] Level 1:colcon.colcon_core.environment:checking '/home/grupo4/capstone_ws/install/perception_pkg/bin'
[8.103s] Level 1:colcon.colcon_core.environment:checking '/home/grupo4/capstone_ws/install/perception_pkg/lib/pkgconfig/perception_pkg.pc'
[8.105s] Level 1:colcon.colcon_core.environment:checking '/home/grupo4/capstone_ws/install/perception_pkg/lib/python3.10/site-packages'
[8.105s] Level 1:colcon.colcon_core.shell:create_environment_hook('perception_pkg', 'pythonpath')
[8.106s] INFO:colcon.colcon_core.shell:Creating environment hook '/home/grupo4/capstone_ws/install/perception_pkg/share/perception_pkg/hook/pythonpath.ps1'
[8.109s] INFO:colcon.colcon_core.shell:Creating environment descriptor '/home/grupo4/capstone_ws/install/perception_pkg/share/perception_pkg/hook/pythonpath.dsv'
[8.113s] INFO:colcon.colcon_core.shell:Creating environment hook '/home/grupo4/capstone_ws/install/perception_pkg/share/perception_pkg/hook/pythonpath.sh'
[8.117s] Level 1:colcon.colcon_core.environment:checking '/home/grupo4/capstone_ws/install/perception_pkg/bin'
[8.117s] Level 1:colcon.colcon_core.environment:create_environment_scripts_only(perception_pkg)
[8.119s] INFO:colcon.colcon_core.shell:Creating package script '/home/grupo4/capstone_ws/install/perception_pkg/share/perception_pkg/package.ps1'
[8.124s] INFO:colcon.colcon_core.shell:Creating package descriptor '/home/grupo4/capstone_ws/install/perception_pkg/share/perception_pkg/package.dsv'
[8.132s] INFO:colcon.colcon_core.shell:Creating package script '/home/grupo4/capstone_ws/install/perception_pkg/share/perception_pkg/package.sh'
[8.139s] INFO:colcon.colcon_core.shell:Creating package script '/home/grupo4/capstone_ws/install/perception_pkg/share/perception_pkg/package.bash'
[8.145s] INFO:colcon.colcon_core.shell:Creating package script '/home/grupo4/capstone_ws/install/perception_pkg/share/perception_pkg/package.zsh'
[8.150s] Level 1:colcon.colcon_core.environment:create_file_with_runtime_dependencies(/home/grupo4/capstone_ws/install/perception_pkg/share/colcon-core/packages/perception_pkg)
[14.033s] DEBUG:colcon.colcon_core.event_handler.log_command:Invoked command in '/home/grupo4/capstone_ws/build/pointcloud_to_laserscan' returned '1': CMAKE_PREFIX_PATH=${CMAKE_PREFIX_PATH}://home/grupo4/capstone_ws/install/perception_pkg:/opt/ros/humble /usr/bin/cmake /home/grupo4/capstone_ws/src/pointcloud_to_laserscan -DAMENT_CMAKE_SYMLINK_INSTALL=1 -DCMAKE_INSTALL_PREFIX=/home/grupo4/capstone_ws/install/pointcloud_to_laserscan
[14.081s] Level 1:colcon.colcon_core.environment:create_environment_scripts_only(pointcloud_to_laserscan)
[14.083s] Level 1:colcon.colcon_core.environment:checking '/home/grupo4/capstone_ws/install/pointcloud_to_laserscan' for CMake module files
[14.085s] Level 1:colcon.colcon_core.environment:checking '/home/grupo4/capstone_ws/install/pointcloud_to_laserscan' for CMake config files
[14.087s] Level 1:colcon.colcon_core.environment:checking '/home/grupo4/capstone_ws/install/pointcloud_to_laserscan/bin'
[14.088s] Level 1:colcon.colcon_core.environment:checking '/home/grupo4/capstone_ws/install/pointcloud_to_laserscan/lib/pkgconfig/pointcloud_to_laserscan.pc'
[14.090s] Level 1:colcon.colcon_core.environment:checking '/home/grupo4/capstone_ws/install/pointcloud_to_laserscan/lib/python3.10/site-packages'
[14.091s] Level 1:colcon.colcon_core.environment:checking '/home/grupo4/capstone_ws/install/pointcloud_to_laserscan/bin'
[14.093s] INFO:colcon.colcon_core.shell:Creating package script '/home/grupo4/capstone_ws/install/pointcloud_to_laserscan/share/pointcloud_to_laserscan/package.ps1'
[14.097s] INFO:colcon.colcon_core.shell:Creating package descriptor '/home/grupo4/capstone_ws/install/pointcloud_to_laserscan/share/pointcloud_to_laserscan/package.dsv'
[14.100s] INFO:colcon.colcon_core.shell:Creating package script '/home/grupo4/capstone_ws/install/pointcloud_to_laserscan/share/pointcloud_to_laserscan/package.sh'
[14.103s] INFO:colcon.colcon_core.shell:Creating package script '/home/grupo4/capstone_ws/install/pointcloud_to_laserscan/share/pointcloud_to_laserscan/package.bash'
[14.107s] INFO:colcon.colcon_core.shell:Creating package script '/home/grupo4/capstone_ws/install/pointcloud_to_laserscan/share/pointcloud_to_laserscan/package.zsh'
[14.110s] Level 1:colcon.colcon_core.environment:create_file_with_runtime_dependencies(/home/grupo4/capstone_ws/install/pointcloud_to_laserscan/share/colcon-core/packages/pointcloud_to_laserscan)
[14.115s] DEBUG:colcon.colcon_parallel_executor.executor.parallel:closing loop
[14.117s] DEBUG:colcon.colcon_parallel_executor.executor.parallel:loop closed
[14.117s] DEBUG:colcon.colcon_parallel_executor.executor.parallel:run_until_complete finished with '1'
[14.118s] DEBUG:colcon.colcon_core.event_reactor:joining thread
[14.155s] INFO:colcon.colcon_core.plugin_system:Skipping extension 'colcon_notification.desktop_notification.terminal_notifier': Not used on non-Darwin systems
[14.156s] INFO:colcon.colcon_core.plugin_system:Skipping extension 'colcon_notification.desktop_notification.win32': Not used on non-Windows systems
[14.156s] INFO:colcon.colcon_notification.desktop_notification:Sending desktop notification using 'notify2'
[14.256s] DEBUG:colcon.colcon_core.event_reactor:joined thread
[14.259s] INFO:colcon.colcon_core.shell:Creating prefix script '/home/grupo4/capstone_ws/install/local_setup.ps1'
[14.268s] INFO:colcon.colcon_core.shell:Creating prefix util module '/home/grupo4/capstone_ws/install/_local_setup_util_ps1.py'
[14.277s] INFO:colcon.colcon_core.shell:Creating prefix chain script '/home/grupo4/capstone_ws/install/setup.ps1'
[14.292s] INFO:colcon.colcon_core.shell:Creating prefix script '/home/grupo4/capstone_ws/install/local_setup.sh'
[14.301s] INFO:colcon.colcon_core.shell:Creating prefix util module '/home/grupo4/capstone_ws/install/_local_setup_util_sh.py'
[14.316s] INFO:colcon.colcon_core.shell:Creating prefix chain script '/home/grupo4/capstone_ws/install/setup.sh'
[14.339s] INFO:colcon.colcon_core.shell:Creating prefix script '/home/grupo4/capstone_ws/install/local_setup.bash'
[14.344s] INFO:colcon.colcon_core.shell:Creating prefix chain script '/home/grupo4/capstone_ws/install/setup.bash'
[14.355s] INFO:colcon.colcon_core.shell:Creating prefix script '/home/grupo4/capstone_ws/install/local_setup.zsh'
[14.359s] INFO:colcon.colcon_core.shell:Creating prefix chain script '/home/grupo4/capstone_ws/install/setup.zsh'
