[0.055s] Invoking command in '/home/grupo4/capstone_ws/build/pointcloud_to_laserscan': CMAKE_PREFIX_PATH=${CMAKE_PREFIX_PATH}://home/grupo4/capstone_ws/install/perception_pkg:/opt/ros/humble /usr/bin/cmake /home/grupo4/capstone_ws/src/pointcloud_to_laserscan -DAMENT_CMAKE_SYMLINK_INSTALL=1 -DCMAKE_INSTALL_PREFIX=/home/grupo4/capstone_ws/install/pointcloud_to_laserscan
[0.113s] -- Found ament_cmake: 1.3.11 (/opt/ros/humble/share/ament_cmake/cmake)
[0.770s] -- Override CMake install command with custom implementation using symlinks instead of copying resources
[0.805s] -- Found laser_geometry: 2.4.0 (/opt/ros/humble/share/laser_geometry/cmake)
[1.000s] -- Found rosidl_generator_c: 3.1.6 (/opt/ros/humble/share/rosidl_generator_c/cmake)
[1.010s] -- Found rosidl_adapter: 3.1.6 (/opt/ros/humble/share/rosidl_adapter/cmake)
[1.042s] -- Found rosidl_generator_cpp: 3.1.6 (/opt/ros/humble/share/rosidl_generator_cpp/cmake)
[1.081s] -- Using all available rosidl_typesupport_c: rosidl_typesupport_fastrtps_c;rosidl_typesupport_introspection_c
[1.131s] -- Using all available rosidl_typesupport_cpp: rosidl_typesupport_fastrtps_cpp;rosidl_typesupport_introspection_cpp
[1.273s] -- Found rmw_implementation_cmake: 6.1.2 (/opt/ros/humble/share/rmw_implementation_cmake/cmake)
[1.279s] -- Found rmw_fastrtps_cpp: 6.2.7 (/opt/ros/humble/share/rmw_fastrtps_cpp/cmake)
[2.222s] -- Using RMW implementation 'rmw_fastrtps_cpp' as default
[2.571s] -- Found message_filters: 4.3.6 (/opt/ros/humble/share/message_filters/cmake)
[2.583s] -- Found rclcpp_components: 16.0.12 (/opt/ros/humble/share/rclcpp_components/cmake)
[2.662s] -- Found tf2_ros: 0.25.12 (/opt/ros/humble/share/tf2_ros/cmake)
[2.896s] -- Found tf2_sensor_msgs: 0.25.12 (/opt/ros/humble/share/tf2_sensor_msgs/cmake)
[2.929s] -- Found ament_lint_auto: 0.12.12 (/opt/ros/humble/share/ament_lint_auto/cmake)
[3.326s] -- Added test 'cppcheck' to perform static code analysis on C / C++ code
[3.326s] -- Configured cppcheck include dirs: $<BUILD_INTERFACE:/home/grupo4/capstone_ws/src/pointcloud_to_laserscan/include>
[3.327s] -- Configured cppcheck exclude dirs and/or files: 
[3.356s] -- Added test 'cpplint' to check C / C++ code against the Google style
[3.357s] -- Configured cpplint exclude dirs and/or files: 
[3.363s] -- Added test 'flake8' to check Python code syntax and style conventions
[3.374s] -- Added test 'lint_cmake' to check CMake code style
[3.380s] -- Added test 'pep257' to check Python code against some of the docstring style conventions in PEP 257
[3.417s] -- Added test 'uncrustify' to check C / C++ code style
[3.417s] -- Configured uncrustify additional arguments: 
[3.422s] -- Added test 'xmllint' to check XML markup files
[3.431s] -- Configuring done
[3.475s] [31mCMake Error at CMakeLists.txt:15 (add_library):
[3.476s]   Target "laserscan_to_pointcloud" links to target
[3.476s]   "tf2_sensor_msgs::tf2_sensor_msgs" but the target was not found.  Perhaps a
[3.477s]   find_package() call is missing for an IMPORTED target, or an ALIAS target
[3.477s]   is missing?
[3.478s] 
[3.478s] [0m
[3.478s] [31mCMake Error at CMakeLists.txt:36 (add_library):
[3.479s]   Target "pointcloud_to_laserscan" links to target
[3.479s]   "tf2_sensor_msgs::tf2_sensor_msgs" but the target was not found.  Perhaps a
[3.480s]   find_package() call is missing for an IMPORTED target, or an ALIAS target
[3.480s]   is missing?
[3.480s] 
[3.481s] [0m
[3.589s] -- Generating done
[3.600s] [0mCMake Generate step failed.  Build files cannot be regenerated correctly.[0m
[3.638s] Invoked command in '/home/grupo4/capstone_ws/build/pointcloud_to_laserscan' returned '1': CMAKE_PREFIX_PATH=${CMAKE_PREFIX_PATH}://home/grupo4/capstone_ws/install/perception_pkg:/opt/ros/humble /usr/bin/cmake /home/grupo4/capstone_ws/src/pointcloud_to_laserscan -DAMENT_CMAKE_SYMLINK_INSTALL=1 -DCMAKE_INSTALL_PREFIX=/home/grupo4/capstone_ws/install/pointcloud_to_laserscan
