[0.501s] DEBUG:colcon:Command line arguments: ['/usr/bin/colcon', 'build', '--symlink-install', '--packages-select', 'perception_pkg']
[0.502s] DEBUG:colcon:Parsed command line arguments: Namespace(log_base=None, log_level=None, verb_name='build', build_base='build', install_base='install', merge_install=False, symlink_install=True, test_result_base=None, continue_on_error=False, executor='parallel', parallel_workers=4, event_handlers=None, ignore_user_meta=False, metas=['./colcon.meta'], base_paths=['.'], packages_ignore=None, packages_ignore_regex=None, paths=None, packages_up_to=None, packages_up_to_regex=None, packages_above=None, packages_above_and_dependencies=None, packages_above_depth=None, packages_select_by_dep=None, packages_skip_by_dep=None, packages_skip_up_to=None, packages_select_build_failed=False, packages_skip_build_finished=False, packages_select_test_failures=False, packages_skip_test_passed=False, packages_select=['perception_pkg'], packages_skip=None, packages_select_regex=None, packages_skip_regex=None, packages_start=None, packages_end=None, allow_overriding=[], cmake_args=None, cmake_target=None, cmake_target_skip_unavailable=False, cmake_clean_cache=False, cmake_clean_first=False, cmake_force_configure=False, ament_cmake_args=None, catkin_cmake_args=None, catkin_skip_building_tests=False, mixin_files=None, mixin=None, verb_parser=<colcon_mixin.mixin.mixin_argument.MixinArgumentDecorator object at 0xffff97505bd0>, verb_extension=<colcon_core.verb.build.BuildVerb object at 0xffff976aab60>, main=<bound method BuildVerb.main of <colcon_core.verb.build.BuildVerb object at 0xffff976aab60>>, mixin_verb=('build',))
[1.508s] Level 1:colcon.colcon_core.package_discovery:discover_packages(colcon_meta) check parameters
[1.509s] Level 1:colcon.colcon_core.package_discovery:discover_packages(recursive) check parameters
[1.509s] Level 1:colcon.colcon_core.package_discovery:discover_packages(ignore) check parameters
[1.509s] Level 1:colcon.colcon_core.package_discovery:discover_packages(path) check parameters
[1.510s] Level 1:colcon.colcon_core.package_discovery:discover_packages(colcon_meta) discover
[1.510s] Level 1:colcon.colcon_core.package_discovery:discover_packages(recursive) discover
[1.511s] INFO:colcon.colcon_core.package_discovery:Crawling recursively for packages in '/home/grupo4/capstone_ws'
[1.511s] Level 1:colcon.colcon_core.package_identification:_identify(.) by extensions ['ignore', 'ignore_ament_install']
[1.513s] Level 1:colcon.colcon_core.package_identification:_identify(.) by extension 'ignore'
[1.514s] Level 1:colcon.colcon_core.package_identification:_identify(.) by extension 'ignore_ament_install'
[1.515s] Level 1:colcon.colcon_core.package_identification:_identify(.) by extensions ['colcon_pkg']
[1.516s] Level 1:colcon.colcon_core.package_identification:_identify(.) by extension 'colcon_pkg'
[1.517s] Level 1:colcon.colcon_core.package_identification:_identify(.) by extensions ['colcon_meta']
[1.517s] Level 1:colcon.colcon_core.package_identification:_identify(.) by extension 'colcon_meta'
[1.518s] Level 1:colcon.colcon_core.package_identification:_identify(.) by extensions ['ros']
[1.518s] Level 1:colcon.colcon_core.package_identification:_identify(.) by extension 'ros'
[1.566s] Level 1:colcon.colcon_core.package_identification:_identify(.) by extensions ['cmake', 'python']
[1.567s] Level 1:colcon.colcon_core.package_identification:_identify(.) by extension 'cmake'
[1.567s] Level 1:colcon.colcon_core.package_identification:_identify(.) by extension 'python'
[1.567s] Level 1:colcon.colcon_core.package_identification:_identify(.) by extensions ['python_setup_py']
[1.568s] Level 1:colcon.colcon_core.package_identification:_identify(.) by extension 'python_setup_py'
[1.568s] Level 1:colcon.colcon_core.package_identification:_identify(build) by extensions ['ignore', 'ignore_ament_install']
[1.569s] Level 1:colcon.colcon_core.package_identification:_identify(build) by extension 'ignore'
[1.569s] Level 1:colcon.colcon_core.package_identification:_identify(build) ignored
[1.570s] Level 1:colcon.colcon_core.package_identification:_identify(install) by extensions ['ignore', 'ignore_ament_install']
[1.570s] Level 1:colcon.colcon_core.package_identification:_identify(install) by extension 'ignore'
[1.571s] Level 1:colcon.colcon_core.package_identification:_identify(install) ignored
[1.571s] Level 1:colcon.colcon_core.package_identification:_identify(log) by extensions ['ignore', 'ignore_ament_install']
[1.572s] Level 1:colcon.colcon_core.package_identification:_identify(log) by extension 'ignore'
[1.572s] Level 1:colcon.colcon_core.package_identification:_identify(log) ignored
[1.572s] Level 1:colcon.colcon_core.package_identification:_identify(src) by extensions ['ignore', 'ignore_ament_install']
[1.573s] Level 1:colcon.colcon_core.package_identification:_identify(src) by extension 'ignore'
[1.573s] Level 1:colcon.colcon_core.package_identification:_identify(src) by extension 'ignore_ament_install'
[1.573s] Level 1:colcon.colcon_core.package_identification:_identify(src) by extensions ['colcon_pkg']
[1.573s] Level 1:colcon.colcon_core.package_identification:_identify(src) by extension 'colcon_pkg'
[1.573s] Level 1:colcon.colcon_core.package_identification:_identify(src) by extensions ['colcon_meta']
[1.573s] Level 1:colcon.colcon_core.package_identification:_identify(src) by extension 'colcon_meta'
[1.574s] Level 1:colcon.colcon_core.package_identification:_identify(src) by extensions ['ros']
[1.574s] Level 1:colcon.colcon_core.package_identification:_identify(src) by extension 'ros'
[1.574s] Level 1:colcon.colcon_core.package_identification:_identify(src) by extensions ['cmake', 'python']
[1.575s] Level 1:colcon.colcon_core.package_identification:_identify(src) by extension 'cmake'
[1.575s] Level 1:colcon.colcon_core.package_identification:_identify(src) by extension 'python'
[1.575s] Level 1:colcon.colcon_core.package_identification:_identify(src) by extensions ['python_setup_py']
[1.575s] Level 1:colcon.colcon_core.package_identification:_identify(src) by extension 'python_setup_py'
[1.576s] Level 1:colcon.colcon_core.package_identification:_identify(src/perception_pkg) by extensions ['ignore', 'ignore_ament_install']
[1.576s] Level 1:colcon.colcon_core.package_identification:_identify(src/perception_pkg) by extension 'ignore'
[1.576s] Level 1:colcon.colcon_core.package_identification:_identify(src/perception_pkg) by extension 'ignore_ament_install'
[1.577s] Level 1:colcon.colcon_core.package_identification:_identify(src/perception_pkg) by extensions ['colcon_pkg']
[1.577s] Level 1:colcon.colcon_core.package_identification:_identify(src/perception_pkg) by extension 'colcon_pkg'
[1.577s] Level 1:colcon.colcon_core.package_identification:_identify(src/perception_pkg) by extensions ['colcon_meta']
[1.577s] Level 1:colcon.colcon_core.package_identification:_identify(src/perception_pkg) by extension 'colcon_meta'
[1.577s] Level 1:colcon.colcon_core.package_identification:_identify(src/perception_pkg) by extensions ['ros']
[1.577s] Level 1:colcon.colcon_core.package_identification:_identify(src/perception_pkg) by extension 'ros'
[1.587s] DEBUG:colcon.colcon_core.package_identification:Package 'src/perception_pkg' with type 'ros.ament_python' and name 'perception_pkg'
[1.588s] Level 1:colcon.colcon_core.package_identification:_identify(src/rplidar_ros2) by extensions ['ignore', 'ignore_ament_install']
[1.589s] Level 1:colcon.colcon_core.package_identification:_identify(src/rplidar_ros2) by extension 'ignore'
[1.590s] Level 1:colcon.colcon_core.package_identification:_identify(src/rplidar_ros2) by extension 'ignore_ament_install'
[1.590s] Level 1:colcon.colcon_core.package_identification:_identify(src/rplidar_ros2) by extensions ['colcon_pkg']
[1.591s] Level 1:colcon.colcon_core.package_identification:_identify(src/rplidar_ros2) by extension 'colcon_pkg'
[1.591s] Level 1:colcon.colcon_core.package_identification:_identify(src/rplidar_ros2) by extensions ['colcon_meta']
[1.591s] Level 1:colcon.colcon_core.package_identification:_identify(src/rplidar_ros2) by extension 'colcon_meta'
[1.591s] Level 1:colcon.colcon_core.package_identification:_identify(src/rplidar_ros2) by extensions ['ros']
[1.591s] Level 1:colcon.colcon_core.package_identification:_identify(src/rplidar_ros2) by extension 'ros'
[1.595s] DEBUG:colcon.colcon_core.package_identification:Package 'src/rplidar_ros2' with type 'ros.ament_cmake' and name 'rplidar_ros'
[1.595s] Level 1:colcon.colcon_core.package_discovery:discover_packages(recursive) using defaults
[1.595s] Level 1:colcon.colcon_core.package_discovery:discover_packages(ignore) discover
[1.596s] Level 1:colcon.colcon_core.package_discovery:discover_packages(ignore) using defaults
[1.596s] Level 1:colcon.colcon_core.package_discovery:discover_packages(path) discover
[1.596s] Level 1:colcon.colcon_core.package_discovery:discover_packages(path) using defaults
[1.720s] INFO:colcon.colcon_core.package_selection:Skipping not selected package 'rplidar_ros' in 'src/rplidar_ros2'
[1.722s] Level 1:colcon.colcon_core.package_discovery:discover_packages(prefix_path) check parameters
[1.722s] Level 1:colcon.colcon_core.package_discovery:discover_packages(prefix_path) discover
[1.733s] DEBUG:colcon.colcon_installed_package_information.package_discovery:Found 1 installed packages in //home/grupo4/test_ws/install
[1.736s] DEBUG:colcon.colcon_installed_package_information.package_discovery:Found 2 installed packages in //home/grupo4/capstone_ws/install
[1.745s] DEBUG:colcon.colcon_installed_package_information.package_discovery:Found 271 installed packages in /opt/ros/humble
[1.752s] Level 1:colcon.colcon_core.package_discovery:discover_packages(prefix_path) using defaults
[1.924s] Level 5:colcon.colcon_core.verb:set package 'perception_pkg' build argument 'cmake_args' from command line to 'None'
[1.924s] Level 5:colcon.colcon_core.verb:set package 'perception_pkg' build argument 'cmake_target' from command line to 'None'
[1.924s] Level 5:colcon.colcon_core.verb:set package 'perception_pkg' build argument 'cmake_target_skip_unavailable' from command line to 'False'
[1.925s] Level 5:colcon.colcon_core.verb:set package 'perception_pkg' build argument 'cmake_clean_cache' from command line to 'False'
[1.925s] Level 5:colcon.colcon_core.verb:set package 'perception_pkg' build argument 'cmake_clean_first' from command line to 'False'
[1.925s] Level 5:colcon.colcon_core.verb:set package 'perception_pkg' build argument 'cmake_force_configure' from command line to 'False'
[1.925s] Level 5:colcon.colcon_core.verb:set package 'perception_pkg' build argument 'ament_cmake_args' from command line to 'None'
[1.925s] Level 5:colcon.colcon_core.verb:set package 'perception_pkg' build argument 'catkin_cmake_args' from command line to 'None'
[1.925s] Level 5:colcon.colcon_core.verb:set package 'perception_pkg' build argument 'catkin_skip_building_tests' from command line to 'False'
[1.925s] DEBUG:colcon.colcon_core.verb:Building package 'perception_pkg' with the following arguments: {'ament_cmake_args': None, 'build_base': '/home/grupo4/capstone_ws/build/perception_pkg', 'catkin_cmake_args': None, 'catkin_skip_building_tests': False, 'cmake_args': None, 'cmake_clean_cache': False, 'cmake_clean_first': False, 'cmake_force_configure': False, 'cmake_target': None, 'cmake_target_skip_unavailable': False, 'install_base': '/home/grupo4/capstone_ws/install/perception_pkg', 'merge_install': False, 'path': '/home/grupo4/capstone_ws/src/perception_pkg', 'symlink_install': True, 'test_result_base': None}
[1.926s] INFO:colcon.colcon_core.executor:Executing jobs using 'parallel' executor
[1.930s] DEBUG:colcon.colcon_parallel_executor.executor.parallel:run_until_complete
[1.931s] INFO:colcon.colcon_ros.task.ament_python.build:Building ROS package in '/home/grupo4/capstone_ws/src/perception_pkg' with build type 'ament_python'
[1.932s] Level 1:colcon.colcon_core.shell:create_environment_hook('perception_pkg', 'ament_prefix_path')
[1.941s] INFO:colcon.colcon_core.plugin_system:Skipping extension 'colcon_core.shell.bat': Not used on non-Windows systems
[1.942s] INFO:colcon.colcon_core.shell:Creating environment hook '/home/grupo4/capstone_ws/install/perception_pkg/share/perception_pkg/hook/ament_prefix_path.ps1'
[1.947s] INFO:colcon.colcon_core.shell:Creating environment descriptor '/home/grupo4/capstone_ws/install/perception_pkg/share/perception_pkg/hook/ament_prefix_path.dsv'
[1.950s] INFO:colcon.colcon_core.shell:Creating environment hook '/home/grupo4/capstone_ws/install/perception_pkg/share/perception_pkg/hook/ament_prefix_path.sh'
[1.956s] INFO:colcon.colcon_core.shell:Skip shell extension 'powershell' for command environment: Not usable outside of PowerShell
[1.956s] DEBUG:colcon.colcon_core.shell:Skip shell extension 'dsv' for command environment
[3.336s] INFO:colcon.colcon_core.task.python.build:Building Python package in '/home/grupo4/capstone_ws/src/perception_pkg'
[3.337s] INFO:colcon.colcon_core.shell:Skip shell extension 'powershell' for command environment: Not usable outside of PowerShell
[3.337s] DEBUG:colcon.colcon_core.shell:Skip shell extension 'dsv' for command environment
[5.055s] DEBUG:colcon.colcon_core.event_handler.log_command:Invoking command in '/home/grupo4/capstone_ws/build/perception_pkg': PYTHONPATH=/home/grupo4/capstone_ws/build/perception_pkg/prefix_override:/usr/lib/python3/dist-packages/colcon_core/task/python/colcon_distutils_commands:/home/grupo4/capstone_ws/install/perception_pkg/lib/python3.10/site-packages:${PYTHONPATH} /usr/bin/python3 -W ignore:setup.py install is deprecated -W ignore:easy_install command is deprecated setup.py develop --editable --build-directory /home/grupo4/capstone_ws/build/perception_pkg/build --no-deps symlink_data
[7.667s] Level 1:colcon.colcon_core.shell:create_environment_hook('perception_pkg', 'pythonpath_develop')
[7.672s] INFO:colcon.colcon_core.shell:Creating environment hook '/home/grupo4/capstone_ws/build/perception_pkg/share/perception_pkg/hook/pythonpath_develop.ps1'
[7.674s] DEBUG:colcon.colcon_core.event_handler.log_command:Invoked command in '/home/grupo4/capstone_ws/build/perception_pkg' returned '0': PYTHONPATH=/home/grupo4/capstone_ws/build/perception_pkg/prefix_override:/usr/lib/python3/dist-packages/colcon_core/task/python/colcon_distutils_commands:/home/grupo4/capstone_ws/install/perception_pkg/lib/python3.10/site-packages:${PYTHONPATH} /usr/bin/python3 -W ignore:setup.py install is deprecated -W ignore:easy_install command is deprecated setup.py develop --editable --build-directory /home/grupo4/capstone_ws/build/perception_pkg/build --no-deps symlink_data
[7.681s] INFO:colcon.colcon_core.shell:Creating environment descriptor '/home/grupo4/capstone_ws/build/perception_pkg/share/perception_pkg/hook/pythonpath_develop.dsv'
[7.684s] INFO:colcon.colcon_core.shell:Creating environment hook '/home/grupo4/capstone_ws/build/perception_pkg/share/perception_pkg/hook/pythonpath_develop.sh'
[7.702s] Level 1:colcon.colcon_core.environment:checking '/home/grupo4/capstone_ws/install/perception_pkg' for CMake module files
[7.705s] Level 1:colcon.colcon_core.environment:checking '/home/grupo4/capstone_ws/install/perception_pkg' for CMake config files
[7.711s] Level 1:colcon.colcon_core.environment:checking '/home/grupo4/capstone_ws/install/perception_pkg/lib'
[7.714s] Level 1:colcon.colcon_core.environment:checking '/home/grupo4/capstone_ws/install/perception_pkg/bin'
[7.715s] Level 1:colcon.colcon_core.environment:checking '/home/grupo4/capstone_ws/install/perception_pkg/lib/pkgconfig/perception_pkg.pc'
[7.717s] Level 1:colcon.colcon_core.environment:checking '/home/grupo4/capstone_ws/install/perception_pkg/lib/python3.10/site-packages'
[7.717s] Level 1:colcon.colcon_core.shell:create_environment_hook('perception_pkg', 'pythonpath')
[7.718s] INFO:colcon.colcon_core.shell:Creating environment hook '/home/grupo4/capstone_ws/install/perception_pkg/share/perception_pkg/hook/pythonpath.ps1'
[7.721s] INFO:colcon.colcon_core.shell:Creating environment descriptor '/home/grupo4/capstone_ws/install/perception_pkg/share/perception_pkg/hook/pythonpath.dsv'
[7.724s] INFO:colcon.colcon_core.shell:Creating environment hook '/home/grupo4/capstone_ws/install/perception_pkg/share/perception_pkg/hook/pythonpath.sh'
[7.727s] Level 1:colcon.colcon_core.environment:checking '/home/grupo4/capstone_ws/install/perception_pkg/bin'
[7.728s] Level 1:colcon.colcon_core.environment:create_environment_scripts_only(perception_pkg)
[7.729s] INFO:colcon.colcon_core.shell:Creating package script '/home/grupo4/capstone_ws/install/perception_pkg/share/perception_pkg/package.ps1'
[7.733s] INFO:colcon.colcon_core.shell:Creating package descriptor '/home/grupo4/capstone_ws/install/perception_pkg/share/perception_pkg/package.dsv'
[7.737s] INFO:colcon.colcon_core.shell:Creating package script '/home/grupo4/capstone_ws/install/perception_pkg/share/perception_pkg/package.sh'
[7.741s] INFO:colcon.colcon_core.shell:Creating package script '/home/grupo4/capstone_ws/install/perception_pkg/share/perception_pkg/package.bash'
[7.745s] INFO:colcon.colcon_core.shell:Creating package script '/home/grupo4/capstone_ws/install/perception_pkg/share/perception_pkg/package.zsh'
[7.749s] Level 1:colcon.colcon_core.environment:create_file_with_runtime_dependencies(/home/grupo4/capstone_ws/install/perception_pkg/share/colcon-core/packages/perception_pkg)
[7.751s] DEBUG:colcon.colcon_parallel_executor.executor.parallel:closing loop
[7.752s] DEBUG:colcon.colcon_parallel_executor.executor.parallel:loop closed
[7.753s] DEBUG:colcon.colcon_parallel_executor.executor.parallel:run_until_complete finished with '0'
[7.753s] DEBUG:colcon.colcon_core.event_reactor:joining thread
[7.778s] INFO:colcon.colcon_core.plugin_system:Skipping extension 'colcon_notification.desktop_notification.terminal_notifier': Not used on non-Darwin systems
[7.779s] INFO:colcon.colcon_core.plugin_system:Skipping extension 'colcon_notification.desktop_notification.win32': Not used on non-Windows systems
[7.779s] INFO:colcon.colcon_notification.desktop_notification:Sending desktop notification using 'notify2'
[7.838s] DEBUG:colcon.colcon_core.event_reactor:joined thread
[7.839s] INFO:colcon.colcon_core.shell:Creating prefix script '/home/grupo4/capstone_ws/install/local_setup.ps1'
[7.844s] INFO:colcon.colcon_core.shell:Creating prefix util module '/home/grupo4/capstone_ws/install/_local_setup_util_ps1.py'
[7.853s] INFO:colcon.colcon_core.shell:Creating prefix chain script '/home/grupo4/capstone_ws/install/setup.ps1'
[7.862s] INFO:colcon.colcon_core.shell:Creating prefix script '/home/grupo4/capstone_ws/install/local_setup.sh'
[7.867s] INFO:colcon.colcon_core.shell:Creating prefix util module '/home/grupo4/capstone_ws/install/_local_setup_util_sh.py'
[7.871s] INFO:colcon.colcon_core.shell:Creating prefix chain script '/home/grupo4/capstone_ws/install/setup.sh'
[7.878s] INFO:colcon.colcon_core.shell:Creating prefix script '/home/grupo4/capstone_ws/install/local_setup.bash'
[7.882s] INFO:colcon.colcon_core.shell:Creating prefix chain script '/home/grupo4/capstone_ws/install/setup.bash'
[7.889s] INFO:colcon.colcon_core.shell:Creating prefix script '/home/grupo4/capstone_ws/install/local_setup.zsh'
[7.892s] INFO:colcon.colcon_core.shell:Creating prefix chain script '/home/grupo4/capstone_ws/install/setup.zsh'
