[0.468s] DEBUG:colcon:Command line arguments: ['/usr/bin/colcon', 'build', '--symlink-install']
[0.468s] DEBUG:colcon:Parsed command line arguments: Namespace(log_base=None, log_level=None, verb_name='build', build_base='build', install_base='install', merge_install=False, symlink_install=True, test_result_base=None, continue_on_error=False, executor='parallel', parallel_workers=4, event_handlers=None, ignore_user_meta=False, metas=['./colcon.meta'], base_paths=['.'], packages_ignore=None, packages_ignore_regex=None, paths=None, packages_up_to=None, packages_up_to_regex=None, packages_above=None, packages_above_and_dependencies=None, packages_above_depth=None, packages_select_by_dep=None, packages_skip_by_dep=None, packages_skip_up_to=None, packages_select_build_failed=False, packages_skip_build_finished=False, packages_select_test_failures=False, packages_skip_test_passed=False, packages_select=None, packages_skip=None, packages_select_regex=None, packages_skip_regex=None, packages_start=None, packages_end=None, allow_overriding=[], cmake_args=None, cmake_target=None, cmake_target_skip_unavailable=False, cmake_clean_cache=False, cmake_clean_first=False, cmake_force_configure=False, ament_cmake_args=None, catkin_cmake_args=None, catkin_skip_building_tests=False, mixin_files=None, mixin=None, verb_parser=<colcon_mixin.mixin.mixin_argument.MixinArgumentDecorator object at 0xffffb8db54e0>, verb_extension=<colcon_core.verb.build.BuildVerb object at 0xffffb8f5a470>, main=<bound method BuildVerb.main of <colcon_core.verb.build.BuildVerb object at 0xffffb8f5a470>>, mixin_verb=('build',))
[1.265s] Level 1:colcon.colcon_core.package_discovery:discover_packages(colcon_meta) check parameters
[1.265s] Level 1:colcon.colcon_core.package_discovery:discover_packages(recursive) check parameters
[1.265s] Level 1:colcon.colcon_core.package_discovery:discover_packages(ignore) check parameters
[1.265s] Level 1:colcon.colcon_core.package_discovery:discover_packages(path) check parameters
[1.265s] Level 1:colcon.colcon_core.package_discovery:discover_packages(colcon_meta) discover
[1.266s] Level 1:colcon.colcon_core.package_discovery:discover_packages(recursive) discover
[1.266s] INFO:colcon.colcon_core.package_discovery:Crawling recursively for packages in '/home/grupo4/capstone_ws'
[1.266s] Level 1:colcon.colcon_core.package_identification:_identify(.) by extensions ['ignore', 'ignore_ament_install']
[1.267s] Level 1:colcon.colcon_core.package_identification:_identify(.) by extension 'ignore'
[1.267s] Level 1:colcon.colcon_core.package_identification:_identify(.) by extension 'ignore_ament_install'
[1.267s] Level 1:colcon.colcon_core.package_identification:_identify(.) by extensions ['colcon_pkg']
[1.267s] Level 1:colcon.colcon_core.package_identification:_identify(.) by extension 'colcon_pkg'
[1.267s] Level 1:colcon.colcon_core.package_identification:_identify(.) by extensions ['colcon_meta']
[1.268s] Level 1:colcon.colcon_core.package_identification:_identify(.) by extension 'colcon_meta'
[1.268s] Level 1:colcon.colcon_core.package_identification:_identify(.) by extensions ['ros']
[1.268s] Level 1:colcon.colcon_core.package_identification:_identify(.) by extension 'ros'
[1.313s] Level 1:colcon.colcon_core.package_identification:_identify(.) by extensions ['cmake', 'python']
[1.313s] Level 1:colcon.colcon_core.package_identification:_identify(.) by extension 'cmake'
[1.313s] Level 1:colcon.colcon_core.package_identification:_identify(.) by extension 'python'
[1.313s] Level 1:colcon.colcon_core.package_identification:_identify(.) by extensions ['python_setup_py']
[1.313s] Level 1:colcon.colcon_core.package_identification:_identify(.) by extension 'python_setup_py'
[1.314s] Level 1:colcon.colcon_core.package_identification:_identify(build) by extensions ['ignore', 'ignore_ament_install']
[1.314s] Level 1:colcon.colcon_core.package_identification:_identify(build) by extension 'ignore'
[1.315s] Level 1:colcon.colcon_core.package_identification:_identify(build) ignored
[1.315s] Level 1:colcon.colcon_core.package_identification:_identify(install) by extensions ['ignore', 'ignore_ament_install']
[1.316s] Level 1:colcon.colcon_core.package_identification:_identify(install) by extension 'ignore'
[1.316s] Level 1:colcon.colcon_core.package_identification:_identify(install) ignored
[1.316s] Level 1:colcon.colcon_core.package_identification:_identify(log) by extensions ['ignore', 'ignore_ament_install']
[1.317s] Level 1:colcon.colcon_core.package_identification:_identify(log) by extension 'ignore'
[1.317s] Level 1:colcon.colcon_core.package_identification:_identify(log) ignored
[1.317s] Level 1:colcon.colcon_core.package_identification:_identify(src) by extensions ['ignore', 'ignore_ament_install']
[1.317s] Level 1:colcon.colcon_core.package_identification:_identify(src) by extension 'ignore'
[1.318s] Level 1:colcon.colcon_core.package_identification:_identify(src) by extension 'ignore_ament_install'
[1.318s] Level 1:colcon.colcon_core.package_identification:_identify(src) by extensions ['colcon_pkg']
[1.318s] Level 1:colcon.colcon_core.package_identification:_identify(src) by extension 'colcon_pkg'
[1.318s] Level 1:colcon.colcon_core.package_identification:_identify(src) by extensions ['colcon_meta']
[1.318s] Level 1:colcon.colcon_core.package_identification:_identify(src) by extension 'colcon_meta'
[1.318s] Level 1:colcon.colcon_core.package_identification:_identify(src) by extensions ['ros']
[1.318s] Level 1:colcon.colcon_core.package_identification:_identify(src) by extension 'ros'
[1.319s] Level 1:colcon.colcon_core.package_identification:_identify(src) by extensions ['cmake', 'python']
[1.319s] Level 1:colcon.colcon_core.package_identification:_identify(src) by extension 'cmake'
[1.319s] Level 1:colcon.colcon_core.package_identification:_identify(src) by extension 'python'
[1.319s] Level 1:colcon.colcon_core.package_identification:_identify(src) by extensions ['python_setup_py']
[1.319s] Level 1:colcon.colcon_core.package_identification:_identify(src) by extension 'python_setup_py'
[1.320s] Level 1:colcon.colcon_core.package_identification:_identify(src/rplidar_ros2) by extensions ['ignore', 'ignore_ament_install']
[1.320s] Level 1:colcon.colcon_core.package_identification:_identify(src/rplidar_ros2) by extension 'ignore'
[1.320s] Level 1:colcon.colcon_core.package_identification:_identify(src/rplidar_ros2) by extension 'ignore_ament_install'
[1.321s] Level 1:colcon.colcon_core.package_identification:_identify(src/rplidar_ros2) by extensions ['colcon_pkg']
[1.321s] Level 1:colcon.colcon_core.package_identification:_identify(src/rplidar_ros2) by extension 'colcon_pkg'
[1.321s] Level 1:colcon.colcon_core.package_identification:_identify(src/rplidar_ros2) by extensions ['colcon_meta']
[1.321s] Level 1:colcon.colcon_core.package_identification:_identify(src/rplidar_ros2) by extension 'colcon_meta'
[1.321s] Level 1:colcon.colcon_core.package_identification:_identify(src/rplidar_ros2) by extensions ['ros']
[1.321s] Level 1:colcon.colcon_core.package_identification:_identify(src/rplidar_ros2) by extension 'ros'
[1.330s] DEBUG:colcon.colcon_core.package_identification:Package 'src/rplidar_ros2' with type 'ros.ament_cmake' and name 'rplidar_ros'
[1.331s] Level 1:colcon.colcon_core.package_discovery:discover_packages(recursive) using defaults
[1.331s] Level 1:colcon.colcon_core.package_discovery:discover_packages(ignore) discover
[1.332s] Level 1:colcon.colcon_core.package_discovery:discover_packages(ignore) using defaults
[1.332s] Level 1:colcon.colcon_core.package_discovery:discover_packages(path) discover
[1.332s] Level 1:colcon.colcon_core.package_discovery:discover_packages(path) using defaults
[1.450s] Level 1:colcon.colcon_core.package_discovery:discover_packages(prefix_path) check parameters
[1.451s] Level 1:colcon.colcon_core.package_discovery:discover_packages(prefix_path) discover
[1.458s] DEBUG:colcon.colcon_installed_package_information.package_discovery:Found 1 installed packages in //home/grupo4/test_ws/install
[1.467s] DEBUG:colcon.colcon_installed_package_information.package_discovery:Found 271 installed packages in /opt/ros/humble
[1.473s] Level 1:colcon.colcon_core.package_discovery:discover_packages(prefix_path) using defaults
[1.636s] Level 5:colcon.colcon_core.verb:set package 'rplidar_ros' build argument 'cmake_args' from command line to 'None'
[1.636s] Level 5:colcon.colcon_core.verb:set package 'rplidar_ros' build argument 'cmake_target' from command line to 'None'
[1.636s] Level 5:colcon.colcon_core.verb:set package 'rplidar_ros' build argument 'cmake_target_skip_unavailable' from command line to 'False'
[1.636s] Level 5:colcon.colcon_core.verb:set package 'rplidar_ros' build argument 'cmake_clean_cache' from command line to 'False'
[1.636s] Level 5:colcon.colcon_core.verb:set package 'rplidar_ros' build argument 'cmake_clean_first' from command line to 'False'
[1.637s] Level 5:colcon.colcon_core.verb:set package 'rplidar_ros' build argument 'cmake_force_configure' from command line to 'False'
[1.637s] Level 5:colcon.colcon_core.verb:set package 'rplidar_ros' build argument 'ament_cmake_args' from command line to 'None'
[1.637s] Level 5:colcon.colcon_core.verb:set package 'rplidar_ros' build argument 'catkin_cmake_args' from command line to 'None'
[1.637s] Level 5:colcon.colcon_core.verb:set package 'rplidar_ros' build argument 'catkin_skip_building_tests' from command line to 'False'
[1.637s] DEBUG:colcon.colcon_core.verb:Building package 'rplidar_ros' with the following arguments: {'ament_cmake_args': None, 'build_base': '/home/grupo4/capstone_ws/build/rplidar_ros', 'catkin_cmake_args': None, 'catkin_skip_building_tests': False, 'cmake_args': None, 'cmake_clean_cache': False, 'cmake_clean_first': False, 'cmake_force_configure': False, 'cmake_target': None, 'cmake_target_skip_unavailable': False, 'install_base': '/home/grupo4/capstone_ws/install/rplidar_ros', 'merge_install': False, 'path': '/home/grupo4/capstone_ws/src/rplidar_ros2', 'symlink_install': True, 'test_result_base': None}
[1.638s] INFO:colcon.colcon_core.executor:Executing jobs using 'parallel' executor
[1.641s] DEBUG:colcon.colcon_parallel_executor.executor.parallel:run_until_complete
[1.642s] INFO:colcon.colcon_ros.task.ament_cmake.build:Building ROS package in '/home/grupo4/capstone_ws/src/rplidar_ros2' with build type 'ament_cmake'
[1.643s] INFO:colcon.colcon_cmake.task.cmake.build:Building CMake package in '/home/grupo4/capstone_ws/src/rplidar_ros2'
[1.651s] INFO:colcon.colcon_core.plugin_system:Skipping extension 'colcon_core.shell.bat': Not used on non-Windows systems
[1.652s] INFO:colcon.colcon_core.shell:Skip shell extension 'powershell' for command environment: Not usable outside of PowerShell
[1.652s] DEBUG:colcon.colcon_core.shell:Skip shell extension 'dsv' for command environment
[1.692s] DEBUG:colcon.colcon_core.event_handler.log_command:Invoking command in '/home/grupo4/capstone_ws/build/rplidar_ros': CMAKE_PREFIX_PATH=${CMAKE_PREFIX_PATH}:/opt/ros/humble /usr/bin/cmake /home/grupo4/capstone_ws/src/rplidar_ros2 -DAMENT_CMAKE_SYMLINK_INSTALL=1 -DCMAKE_INSTALL_PREFIX=/home/grupo4/capstone_ws/install/rplidar_ros
[8.601s] DEBUG:colcon.colcon_core.event_handler.log_command:Invoked command in '/home/grupo4/capstone_ws/build/rplidar_ros' returned '0': CMAKE_PREFIX_PATH=${CMAKE_PREFIX_PATH}:/opt/ros/humble /usr/bin/cmake /home/grupo4/capstone_ws/src/rplidar_ros2 -DAMENT_CMAKE_SYMLINK_INSTALL=1 -DCMAKE_INSTALL_PREFIX=/home/grupo4/capstone_ws/install/rplidar_ros
[8.613s] DEBUG:colcon.colcon_core.event_handler.log_command:Invoking command in '/home/grupo4/capstone_ws/build/rplidar_ros': CMAKE_PREFIX_PATH=${CMAKE_PREFIX_PATH}:/opt/ros/humble /usr/bin/cmake --build /home/grupo4/capstone_ws/build/rplidar_ros -- -j4 -l4
[49.928s] DEBUG:colcon.colcon_core.event_handler.log_command:Invoked command in '/home/grupo4/capstone_ws/build/rplidar_ros' returned '0': CMAKE_PREFIX_PATH=${CMAKE_PREFIX_PATH}:/opt/ros/humble /usr/bin/cmake --build /home/grupo4/capstone_ws/build/rplidar_ros -- -j4 -l4
[49.969s] DEBUG:colcon.colcon_core.event_handler.log_command:Invoking command in '/home/grupo4/capstone_ws/build/rplidar_ros': CMAKE_PREFIX_PATH=${CMAKE_PREFIX_PATH}:/opt/ros/humble /usr/bin/cmake --install /home/grupo4/capstone_ws/build/rplidar_ros
[51.118s] Level 1:colcon.colcon_core.environment:create_environment_scripts_only(rplidar_ros)
[51.119s] DEBUG:colcon.colcon_core.event_handler.log_command:Invoked command in '/home/grupo4/capstone_ws/build/rplidar_ros' returned '0': CMAKE_PREFIX_PATH=${CMAKE_PREFIX_PATH}:/opt/ros/humble /usr/bin/cmake --install /home/grupo4/capstone_ws/build/rplidar_ros
[51.132s] Level 1:colcon.colcon_core.environment:checking '/home/grupo4/capstone_ws/install/rplidar_ros' for CMake module files
[51.137s] Level 1:colcon.colcon_core.environment:checking '/home/grupo4/capstone_ws/install/rplidar_ros' for CMake config files
[51.141s] Level 1:colcon.colcon_core.shell:create_environment_hook('rplidar_ros', 'cmake_prefix_path')
[51.142s] INFO:colcon.colcon_core.shell:Creating environment hook '/home/grupo4/capstone_ws/install/rplidar_ros/share/rplidar_ros/hook/cmake_prefix_path.ps1'
[51.145s] INFO:colcon.colcon_core.shell:Creating environment descriptor '/home/grupo4/capstone_ws/install/rplidar_ros/share/rplidar_ros/hook/cmake_prefix_path.dsv'
[51.146s] INFO:colcon.colcon_core.shell:Creating environment hook '/home/grupo4/capstone_ws/install/rplidar_ros/share/rplidar_ros/hook/cmake_prefix_path.sh'
[51.150s] Level 1:colcon.colcon_core.environment:checking '/home/grupo4/capstone_ws/install/rplidar_ros/lib'
[51.151s] Level 1:colcon.colcon_core.shell:create_environment_hook('rplidar_ros', 'ld_library_path_lib')
[51.152s] INFO:colcon.colcon_core.shell:Creating environment hook '/home/grupo4/capstone_ws/install/rplidar_ros/share/rplidar_ros/hook/ld_library_path_lib.ps1'
[51.154s] INFO:colcon.colcon_core.shell:Creating environment descriptor '/home/grupo4/capstone_ws/install/rplidar_ros/share/rplidar_ros/hook/ld_library_path_lib.dsv'
[51.155s] INFO:colcon.colcon_core.shell:Creating environment hook '/home/grupo4/capstone_ws/install/rplidar_ros/share/rplidar_ros/hook/ld_library_path_lib.sh'
[51.157s] Level 1:colcon.colcon_core.environment:checking '/home/grupo4/capstone_ws/install/rplidar_ros/bin'
[51.157s] Level 1:colcon.colcon_core.environment:checking '/home/grupo4/capstone_ws/install/rplidar_ros/lib/pkgconfig/rplidar_ros.pc'
[51.158s] Level 1:colcon.colcon_core.environment:checking '/home/grupo4/capstone_ws/install/rplidar_ros/lib/python3.10/site-packages'
[51.159s] Level 1:colcon.colcon_core.environment:checking '/home/grupo4/capstone_ws/install/rplidar_ros/bin'
[51.160s] INFO:colcon.colcon_core.shell:Creating package script '/home/grupo4/capstone_ws/install/rplidar_ros/share/rplidar_ros/package.ps1'
[51.164s] INFO:colcon.colcon_core.shell:Creating package descriptor '/home/grupo4/capstone_ws/install/rplidar_ros/share/rplidar_ros/package.dsv'
[51.166s] INFO:colcon.colcon_core.shell:Creating package script '/home/grupo4/capstone_ws/install/rplidar_ros/share/rplidar_ros/package.sh'
[51.169s] INFO:colcon.colcon_core.shell:Creating package script '/home/grupo4/capstone_ws/install/rplidar_ros/share/rplidar_ros/package.bash'
[51.173s] INFO:colcon.colcon_core.shell:Creating package script '/home/grupo4/capstone_ws/install/rplidar_ros/share/rplidar_ros/package.zsh'
[51.175s] Level 1:colcon.colcon_core.environment:create_file_with_runtime_dependencies(/home/grupo4/capstone_ws/install/rplidar_ros/share/colcon-core/packages/rplidar_ros)
[51.178s] Level 1:colcon.colcon_core.environment:create_environment_scripts_only(rplidar_ros)
[51.179s] Level 1:colcon.colcon_core.environment:checking '/home/grupo4/capstone_ws/install/rplidar_ros' for CMake module files
[51.182s] Level 1:colcon.colcon_core.environment:checking '/home/grupo4/capstone_ws/install/rplidar_ros' for CMake config files
[51.188s] Level 1:colcon.colcon_core.shell:create_environment_hook('rplidar_ros', 'cmake_prefix_path')
[51.189s] INFO:colcon.colcon_core.shell:Creating environment hook '/home/grupo4/capstone_ws/install/rplidar_ros/share/rplidar_ros/hook/cmake_prefix_path.ps1'
[51.191s] INFO:colcon.colcon_core.shell:Creating environment descriptor '/home/grupo4/capstone_ws/install/rplidar_ros/share/rplidar_ros/hook/cmake_prefix_path.dsv'
[51.193s] INFO:colcon.colcon_core.shell:Creating environment hook '/home/grupo4/capstone_ws/install/rplidar_ros/share/rplidar_ros/hook/cmake_prefix_path.sh'
[51.197s] Level 1:colcon.colcon_core.environment:checking '/home/grupo4/capstone_ws/install/rplidar_ros/lib'
[51.197s] Level 1:colcon.colcon_core.shell:create_environment_hook('rplidar_ros', 'ld_library_path_lib')
[51.198s] INFO:colcon.colcon_core.shell:Creating environment hook '/home/grupo4/capstone_ws/install/rplidar_ros/share/rplidar_ros/hook/ld_library_path_lib.ps1'
[51.200s] INFO:colcon.colcon_core.shell:Creating environment descriptor '/home/grupo4/capstone_ws/install/rplidar_ros/share/rplidar_ros/hook/ld_library_path_lib.dsv'
[51.202s] INFO:colcon.colcon_core.shell:Creating environment hook '/home/grupo4/capstone_ws/install/rplidar_ros/share/rplidar_ros/hook/ld_library_path_lib.sh'
[51.205s] Level 1:colcon.colcon_core.environment:checking '/home/grupo4/capstone_ws/install/rplidar_ros/bin'
[51.205s] Level 1:colcon.colcon_core.environment:checking '/home/grupo4/capstone_ws/install/rplidar_ros/lib/pkgconfig/rplidar_ros.pc'
[51.206s] Level 1:colcon.colcon_core.environment:checking '/home/grupo4/capstone_ws/install/rplidar_ros/lib/python3.10/site-packages'
[51.207s] Level 1:colcon.colcon_core.environment:checking '/home/grupo4/capstone_ws/install/rplidar_ros/bin'
[51.208s] INFO:colcon.colcon_core.shell:Creating package script '/home/grupo4/capstone_ws/install/rplidar_ros/share/rplidar_ros/package.ps1'
[51.211s] INFO:colcon.colcon_core.shell:Creating package descriptor '/home/grupo4/capstone_ws/install/rplidar_ros/share/rplidar_ros/package.dsv'
[51.213s] INFO:colcon.colcon_core.shell:Creating package script '/home/grupo4/capstone_ws/install/rplidar_ros/share/rplidar_ros/package.sh'
[51.215s] INFO:colcon.colcon_core.shell:Creating package script '/home/grupo4/capstone_ws/install/rplidar_ros/share/rplidar_ros/package.bash'
[51.218s] INFO:colcon.colcon_core.shell:Creating package script '/home/grupo4/capstone_ws/install/rplidar_ros/share/rplidar_ros/package.zsh'
[51.220s] Level 1:colcon.colcon_core.environment:create_file_with_runtime_dependencies(/home/grupo4/capstone_ws/install/rplidar_ros/share/colcon-core/packages/rplidar_ros)
[51.221s] DEBUG:colcon.colcon_parallel_executor.executor.parallel:closing loop
[51.223s] DEBUG:colcon.colcon_parallel_executor.executor.parallel:loop closed
[51.224s] DEBUG:colcon.colcon_parallel_executor.executor.parallel:run_until_complete finished with '0'
[51.224s] DEBUG:colcon.colcon_core.event_reactor:joining thread
[51.248s] INFO:colcon.colcon_core.plugin_system:Skipping extension 'colcon_notification.desktop_notification.terminal_notifier': Not used on non-Darwin systems
[51.248s] INFO:colcon.colcon_core.plugin_system:Skipping extension 'colcon_notification.desktop_notification.win32': Not used on non-Windows systems
[51.249s] INFO:colcon.colcon_notification.desktop_notification:Sending desktop notification using 'notify2'
[51.306s] DEBUG:colcon.colcon_core.event_reactor:joined thread
[51.308s] INFO:colcon.colcon_core.shell:Creating prefix script '/home/grupo4/capstone_ws/install/local_setup.ps1'
[51.312s] INFO:colcon.colcon_core.shell:Creating prefix util module '/home/grupo4/capstone_ws/install/_local_setup_util_ps1.py'
[51.319s] INFO:colcon.colcon_core.shell:Creating prefix chain script '/home/grupo4/capstone_ws/install/setup.ps1'
[51.326s] INFO:colcon.colcon_core.shell:Creating prefix script '/home/grupo4/capstone_ws/install/local_setup.sh'
[51.329s] INFO:colcon.colcon_core.shell:Creating prefix util module '/home/grupo4/capstone_ws/install/_local_setup_util_sh.py'
[51.332s] INFO:colcon.colcon_core.shell:Creating prefix chain script '/home/grupo4/capstone_ws/install/setup.sh'
[51.337s] INFO:colcon.colcon_core.shell:Creating prefix script '/home/grupo4/capstone_ws/install/local_setup.bash'
[51.340s] INFO:colcon.colcon_core.shell:Creating prefix chain script '/home/grupo4/capstone_ws/install/setup.bash'
[51.345s] INFO:colcon.colcon_core.shell:Creating prefix script '/home/grupo4/capstone_ws/install/local_setup.zsh'
[51.348s] INFO:colcon.colcon_core.shell:Creating prefix chain script '/home/grupo4/capstone_ws/install/setup.zsh'
